2018-07-16 16:32:43.867  INFO 14612 --- [main] c.c.h.HystrixDashboardApplication        : No active profile set, falling back to default profiles: default
2018-07-16 16:32:43.878  INFO 14612 --- [main] ConfigServletWebServerApplicationContext : Refreshing org.springframework.boot.web.servlet.context.AnnotationConfigServletWebServerApplicationContext@1654a892: startup date [Mon Jul 16 16:32:43 CST 2018]; parent: org.springframework.context.annotation.AnnotationConfigApplicationContext@b1712f3
2018-07-16 16:32:44.362  INFO 14612 --- [main] o.s.cloud.context.scope.GenericScope     : BeanFactory id=de0b40d0-b74e-3de5-a3ac-0b237f347d26
2018-07-16 16:32:44.374  INFO 14612 --- [main] f.a.AutowiredAnnotationBeanPostProcessor : JSR-330 'javax.inject.Inject' annotation found and supported for autowiring
2018-07-16 16:32:44.446  INFO 14612 --- [main] trationDelegate$BeanPostProcessorChecker : Bean 'org.springframework.cloud.autoconfigure.ConfigurationPropertiesRebinderAutoConfiguration' of type [org.springframework.cloud.autoconfigure.ConfigurationPropertiesRebinderAutoConfiguration$$EnhancerBySpringCGLIB$$95f34d7c] is not eligible for getting processed by all BeanPostProcessors (for example: not eligible for auto-proxying)
2018-07-16 16:32:44.668  INFO 14612 --- [main] o.s.b.w.embedded.tomcat.TomcatWebServer  : Tomcat initialized with port(s): 11000 (http)
2018-07-16 16:32:44.688  INFO 14612 --- [main] o.apache.catalina.core.StandardService   : Starting service [Tomcat]
2018-07-16 16:32:44.688  INFO 14612 --- [main] org.apache.catalina.core.StandardEngine  : Starting Servlet Engine: Apache Tomcat/8.5.31
2018-07-16 16:32:44.694  INFO 14612 --- [localhost-startStop-1] o.a.catalina.core.AprLifecycleListener   : The APR based Apache Tomcat Native library which allows optimal performance in production environments was not found on the java.library.path: [D:\InstallSoft\jdk1.8\bin;C:\WINDOWS\Sun\Java\bin;C:\WINDOWS\system32;C:\WINDOWS;C:\ProgramData\Oracle\Java\javapath;C:\WINDOWS\system32;C:\WINDOWS;C:\WINDOWS\System32\Wbem;C:\WINDOWS\System32\WindowsPowerShell\v1.0\;"%JAVA_HOME%\bin;%JAVA_HOME%\jre\bin;";D:\InstallSoft\Git\cmd;C:\Program Files\MySQL\MySQL Utilities 1.6\;D:\InstallSoft\apache-maven-3.5.3\bin;;C:\WINDOWS\System32\OpenSSH\;C:\Users\wuxiaopeng\AppData\Local\Microsoft\WindowsApps;;.]
2018-07-16 16:32:44.842  INFO 14612 --- [localhost-startStop-1] o.a.c.c.C.[Tomcat].[localhost].[/]       : Initializing Spring embedded WebApplicationContext
2018-07-16 16:32:44.842  INFO 14612 --- [localhost-startStop-1] o.s.web.context.ContextLoader            : Root WebApplicationContext: initialization completed in 964 ms
2018-07-16 16:32:44.971  INFO 14612 --- [localhost-startStop-1] o.s.b.w.servlet.ServletRegistrationBean  : Servlet proxyStreamServlet mapped to [/proxy.stream]
2018-07-16 16:32:44.973  INFO 14612 --- [localhost-startStop-1] o.s.b.w.servlet.ServletRegistrationBean  : Servlet dispatcherServlet mapped to [/]
2018-07-16 16:32:44.976  INFO 14612 --- [localhost-startStop-1] o.s.b.w.servlet.FilterRegistrationBean   : Mapping filter: 'characterEncodingFilter' to: [/*]
2018-07-16 16:32:44.976  INFO 14612 --- [localhost-startStop-1] o.s.b.w.servlet.FilterRegistrationBean   : Mapping filter: 'hiddenHttpMethodFilter' to: [/*]
2018-07-16 16:32:44.977  INFO 14612 --- [localhost-startStop-1] o.s.b.w.servlet.FilterRegistrationBean   : Mapping filter: 'httpPutFormContentFilter' to: [/*]
2018-07-16 16:32:44.977  INFO 14612 --- [localhost-startStop-1] o.s.b.w.servlet.FilterRegistrationBean   : Mapping filter: 'requestContextFilter' to: [/*]
2018-07-16 16:32:45.051  INFO 14612 --- [main] o.s.ui.freemarker.SpringTemplateLoader   : SpringTemplateLoader for FreeMarker: using resource loader [org.springframework.boot.web.servlet.context.AnnotationConfigServletWebServerApplicationContext@1654a892: startup date [Mon Jul 16 16:32:43 CST 2018]; parent: org.springframework.context.annotation.AnnotationConfigApplicationContext@b1712f3] and template loader path [classpath:/templates/]
2018-07-16 16:32:45.052  INFO 14612 --- [main] o.s.w.s.v.f.FreeMarkerConfigurer         : ClassTemplateLoader for Spring macros added to FreeMarker configuration
2018-07-16 16:32:45.079  WARN 14612 --- [main] c.n.c.sources.URLConfigurationSource     : No URLs will be polled as dynamic configuration sources.
2018-07-16 16:32:45.080  INFO 14612 --- [main] c.n.c.sources.URLConfigurationSource     : To enable URLs as dynamic configuration sources, define System property archaius.configurationSource.additionalUrls or make config.properties available on classpath.
2018-07-16 16:32:45.084  WARN 14612 --- [main] c.n.c.sources.URLConfigurationSource     : No URLs will be polled as dynamic configuration sources.
2018-07-16 16:32:45.084  INFO 14612 --- [main] c.n.c.sources.URLConfigurationSource     : To enable URLs as dynamic configuration sources, define System property archaius.configurationSource.additionalUrls or make config.properties available on classpath.
2018-07-16 16:32:45.177  INFO 14612 --- [main] o.s.w.s.handler.SimpleUrlHandlerMapping  : Mapped URL path [/**/favicon.ico] onto handler of type [class org.springframework.web.servlet.resource.ResourceHttpRequestHandler]
2018-07-16 16:32:45.392  INFO 14612 --- [main] s.w.s.m.m.a.RequestMappingHandlerAdapter : Looking for @ControllerAdvice: org.springframework.boot.web.servlet.context.AnnotationConfigServletWebServerApplicationContext@1654a892: startup date [Mon Jul 16 16:32:43 CST 2018]; parent: org.springframework.context.annotation.AnnotationConfigApplicationContext@b1712f3
2018-07-16 16:32:45.443  INFO 14612 --- [main] s.w.s.m.m.a.RequestMappingHandlerMapping : Mapped "{[/hystrix/{path}]}" onto public java.lang.String org.springframework.cloud.netflix.hystrix.dashboard.HystrixDashboardController.monitor(java.lang.String,org.springframework.ui.Model,org.springframework.web.context.request.WebRequest)
2018-07-16 16:32:45.444  INFO 14612 --- [main] s.w.s.m.m.a.RequestMappingHandlerMapping : Mapped "{[/hystrix]}" onto public java.lang.String org.springframework.cloud.netflix.hystrix.dashboard.HystrixDashboardController.home(org.springframework.ui.Model,org.springframework.web.context.request.WebRequest)
2018-07-16 16:32:45.447  INFO 14612 --- [main] s.w.s.m.m.a.RequestMappingHandlerMapping : Mapped "{[/error]}" onto public org.springframework.http.ResponseEntity<java.util.Map<java.lang.String, java.lang.Object>> org.springframework.boot.autoconfigure.web.servlet.error.BasicErrorController.error(javax.servlet.http.HttpServletRequest)
2018-07-16 16:32:45.447  INFO 14612 --- [main] s.w.s.m.m.a.RequestMappingHandlerMapping : Mapped "{[/error],produces=[text/html]}" onto public org.springframework.web.servlet.ModelAndView org.springframework.boot.autoconfigure.web.servlet.error.BasicErrorController.errorHtml(javax.servlet.http.HttpServletRequest,javax.servlet.http.HttpServletResponse)
2018-07-16 16:32:45.476  INFO 14612 --- [main] o.s.w.s.handler.SimpleUrlHandlerMapping  : Mapped URL path [/webjars/**] onto handler of type [class org.springframework.web.servlet.resource.ResourceHttpRequestHandler]
2018-07-16 16:32:45.476  INFO 14612 --- [main] o.s.w.s.handler.SimpleUrlHandlerMapping  : Mapped URL path [/**] onto handler of type [class org.springframework.web.servlet.resource.ResourceHttpRequestHandler]
2018-07-16 16:32:46.348  INFO 14612 --- [main] o.s.j.e.a.AnnotationMBeanExporter        : Registering beans for JMX exposure on startup
2018-07-16 16:32:46.356  INFO 14612 --- [main] o.s.j.e.a.AnnotationMBeanExporter        : Bean with name 'configurationPropertiesRebinder' has been autodetected for JMX exposure
2018-07-16 16:32:46.356  INFO 14612 --- [main] o.s.j.e.a.AnnotationMBeanExporter        : Bean with name 'environmentManager' has been autodetected for JMX exposure
2018-07-16 16:32:46.357  INFO 14612 --- [main] o.s.j.e.a.AnnotationMBeanExporter        : Bean with name 'refreshScope' has been autodetected for JMX exposure
2018-07-16 16:32:46.360  INFO 14612 --- [main] o.s.j.e.a.AnnotationMBeanExporter        : Located managed bean 'environmentManager': registering with JMX server as MBean [org.springframework.cloud.context.environment:name=environmentManager,type=EnvironmentManager]
2018-07-16 16:32:46.371  INFO 14612 --- [main] o.s.j.e.a.AnnotationMBeanExporter        : Located managed bean 'refreshScope': registering with JMX server as MBean [org.springframework.cloud.context.scope.refresh:name=refreshScope,type=RefreshScope]
2018-07-16 16:32:46.381  INFO 14612 --- [main] o.s.j.e.a.AnnotationMBeanExporter        : Located managed bean 'configurationPropertiesRebinder': registering with JMX server as MBean [org.springframework.cloud.context.properties:name=configurationPropertiesRebinder,context=1654a892,type=ConfigurationPropertiesRebinder]
2018-07-16 16:32:46.388  INFO 14612 --- [main] o.s.c.support.DefaultLifecycleProcessor  : Starting beans in phase 0
2018-07-16 16:32:46.394  INFO 14612 --- [main] o.s.c.n.eureka.InstanceInfoFactory       : Setting initial instance status as: STARTING
2018-07-16 16:32:46.426  INFO 14612 --- [main] com.netflix.discovery.DiscoveryClient    : Initializing Eureka in region us-east-1
2018-07-16 16:32:46.643  INFO 14612 --- [main] c.n.d.provider.DiscoveryJerseyProvider   : Using JSON encoding codec LegacyJacksonJson
2018-07-16 16:32:46.643  INFO 14612 --- [main] c.n.d.provider.DiscoveryJerseyProvider   : Using JSON decoding codec LegacyJacksonJson
2018-07-16 16:32:46.754  INFO 14612 --- [main] c.n.d.provider.DiscoveryJerseyProvider   : Using XML encoding codec XStreamXml
2018-07-16 16:32:46.754  INFO 14612 --- [main] c.n.d.provider.DiscoveryJerseyProvider   : Using XML decoding codec XStreamXml
2018-07-16 16:32:46.943  INFO 14612 --- [main] c.n.d.s.r.aws.ConfigClusterResolver      : Resolving eureka endpoints via configuration
2018-07-16 16:32:46.996  INFO 14612 --- [main] com.netflix.discovery.DiscoveryClient    : Disable delta property : false
2018-07-16 16:32:46.996  INFO 14612 --- [main] com.netflix.discovery.DiscoveryClient    : Single vip registry refresh property : null
2018-07-16 16:32:46.996  INFO 14612 --- [main] com.netflix.discovery.DiscoveryClient    : Force full registry fetch : false
2018-07-16 16:32:46.996  INFO 14612 --- [main] com.netflix.discovery.DiscoveryClient    : Application is null : false
2018-07-16 16:32:46.996  INFO 14612 --- [main] com.netflix.discovery.DiscoveryClient    : Registered Applications size is zero : true
2018-07-16 16:32:46.996  INFO 14612 --- [main] com.netflix.discovery.DiscoveryClient    : Application version is -1: true
2018-07-16 16:32:46.996  INFO 14612 --- [main] com.netflix.discovery.DiscoveryClient    : Getting all instance registry info from the eureka server
2018-07-16 16:32:53.841 ERROR 14612 --- [main] c.n.d.s.t.d.RedirectingEurekaHttpClient  : Request execution error

com.sun.jersey.api.client.ClientHandlerException: java.net.UnknownHostException: peer1
	at com.sun.jersey.client.apache4.ApacheHttpClient4Handler.handle(ApacheHttpClient4Handler.java:187) ~[jersey-apache-client4-1.19.1.jar:1.19.1]
	at com.sun.jersey.api.client.filter.GZIPContentEncodingFilter.handle(GZIPContentEncodingFilter.java:123) ~[jersey-client-1.19.1.jar:1.19.1]
	at com.netflix.discovery.EurekaIdentityHeaderFilter.handle(EurekaIdentityHeaderFilter.java:27) ~[eureka-client-1.9.2.jar:1.9.2]
	at com.sun.jersey.api.client.Client.handle(Client.java:652) ~[jersey-client-1.19.1.jar:1.19.1]
	at com.sun.jersey.api.client.WebResource.handle(WebResource.java:682) ~[jersey-client-1.19.1.jar:1.19.1]
	at com.sun.jersey.api.client.WebResource.access$200(WebResource.java:74) ~[jersey-client-1.19.1.jar:1.19.1]
	at com.sun.jersey.api.client.WebResource$Builder.get(WebResource.java:509) ~[jersey-client-1.19.1.jar:1.19.1]
	at com.netflix.discovery.shared.transport.jersey.AbstractJerseyEurekaHttpClient.getApplicationsInternal(AbstractJerseyEurekaHttpClient.java:194) ~[eureka-client-1.9.2.jar:1.9.2]
	at com.netflix.discovery.shared.transport.jersey.AbstractJerseyEurekaHttpClient.getApplications(AbstractJerseyEurekaHttpClient.java:165) ~[eureka-client-1.9.2.jar:1.9.2]
	at com.netflix.discovery.shared.transport.decorator.EurekaHttpClientDecorator$6.execute(EurekaHttpClientDecorator.java:137) [eureka-client-1.9.2.jar:1.9.2]
	at com.netflix.discovery.shared.transport.decorator.MetricsCollectingEurekaHttpClient.execute(MetricsCollectingEurekaHttpClient.java:73) ~[eureka-client-1.9.2.jar:1.9.2]
	at com.netflix.discovery.shared.transport.decorator.EurekaHttpClientDecorator.getApplications(EurekaHttpClientDecorator.java:134) [eureka-client-1.9.2.jar:1.9.2]
	at com.netflix.discovery.shared.transport.decorator.EurekaHttpClientDecorator$6.execute(EurekaHttpClientDecorator.java:137) [eureka-client-1.9.2.jar:1.9.2]
	at com.netflix.discovery.shared.transport.decorator.RedirectingEurekaHttpClient.executeOnNewServer(RedirectingEurekaHttpClient.java:118) ~[eureka-client-1.9.2.jar:1.9.2]
	at com.netflix.discovery.shared.transport.decorator.RedirectingEurekaHttpClient.execute(RedirectingEurekaHttpClient.java:79) ~[eureka-client-1.9.2.jar:1.9.2]
	at com.netflix.discovery.shared.transport.decorator.EurekaHttpClientDecorator.getApplications(EurekaHttpClientDecorator.java:134) [eureka-client-1.9.2.jar:1.9.2]
	at com.netflix.discovery.shared.transport.decorator.EurekaHttpClientDecorator$6.execute(EurekaHttpClientDecorator.java:137) [eureka-client-1.9.2.jar:1.9.2]
	at com.netflix.discovery.shared.transport.decorator.RetryableEurekaHttpClient.execute(RetryableEurekaHttpClient.java:120) [eureka-client-1.9.2.jar:1.9.2]
	at com.netflix.discovery.shared.transport.decorator.EurekaHttpClientDecorator.getApplications(EurekaHttpClientDecorator.java:134) [eureka-client-1.9.2.jar:1.9.2]
	at com.netflix.discovery.shared.transport.decorator.EurekaHttpClientDecorator$6.execute(EurekaHttpClientDecorator.java:137) [eureka-client-1.9.2.jar:1.9.2]
	at com.netflix.discovery.shared.transport.decorator.SessionedEurekaHttpClient.execute(SessionedEurekaHttpClient.java:77) [eureka-client-1.9.2.jar:1.9.2]
	at com.netflix.discovery.shared.transport.decorator.EurekaHttpClientDecorator.getApplications(EurekaHttpClientDecorator.java:134) [eureka-client-1.9.2.jar:1.9.2]
	at com.netflix.discovery.DiscoveryClient.getAndStoreFullRegistry(DiscoveryClient.java:1051) [eureka-client-1.9.2.jar:1.9.2]
	at com.netflix.discovery.DiscoveryClient.fetchRegistry(DiscoveryClient.java:965) [eureka-client-1.9.2.jar:1.9.2]
	at com.netflix.discovery.DiscoveryClient.<init>(DiscoveryClient.java:414) [eureka-client-1.9.2.jar:1.9.2]
	at com.netflix.discovery.DiscoveryClient.<init>(DiscoveryClient.java:269) [eureka-client-1.9.2.jar:1.9.2]
	at org.springframework.cloud.netflix.eureka.CloudEurekaClient.<init>(CloudEurekaClient.java:63) [spring-cloud-netflix-eureka-client-2.0.0.RELEASE.jar:2.0.0.RELEASE]
	at org.springframework.cloud.netflix.eureka.EurekaClientAutoConfiguration$RefreshableEurekaClientConfiguration.eurekaClient(EurekaClientAutoConfiguration.java:269) [spring-cloud-netflix-eureka-client-2.0.0.RELEASE.jar:2.0.0.RELEASE]
	at org.springframework.cloud.netflix.eureka.EurekaClientAutoConfiguration$RefreshableEurekaClientConfiguration$$EnhancerBySpringCGLIB$$9d5c469b.CGLIB$eurekaClient$1(<generated>) [spring-cloud-netflix-eureka-client-2.0.0.RELEASE.jar:2.0.0.RELEASE]
	at org.springframework.cloud.netflix.eureka.EurekaClientAutoConfiguration$RefreshableEurekaClientConfiguration$$EnhancerBySpringCGLIB$$9d5c469b$$FastClassBySpringCGLIB$$b5abe266.invoke(<generated>) [spring-cloud-netflix-eureka-client-2.0.0.RELEASE.jar:2.0.0.RELEASE]
	at org.springframework.cglib.proxy.MethodProxy.invokeSuper(MethodProxy.java:228) [spring-core-5.0.7.RELEASE.jar:5.0.7.RELEASE]
	at org.springframework.context.annotation.ConfigurationClassEnhancer$BeanMethodInterceptor.intercept(ConfigurationClassEnhancer.java:361) [spring-context-5.0.7.RELEASE.jar:5.0.7.RELEASE]
	at org.springframework.cloud.netflix.eureka.EurekaClientAutoConfiguration$RefreshableEurekaClientConfiguration$$EnhancerBySpringCGLIB$$9d5c469b.eurekaClient(<generated>) [spring-cloud-netflix-eureka-client-2.0.0.RELEASE.jar:2.0.0.RELEASE]
	at sun.reflect.NativeMethodAccessorImpl.invoke0(Native Method) ~[na:1.8.0_161]
	at sun.reflect.NativeMethodAccessorImpl.invoke(NativeMethodAccessorImpl.java:62) ~[na:1.8.0_161]
	at sun.reflect.DelegatingMethodAccessorImpl.invoke(DelegatingMethodAccessorImpl.java:43) ~[na:1.8.0_161]
	at java.lang.reflect.Method.invoke(Method.java:498) ~[na:1.8.0_161]
	at org.springframework.beans.factory.support.SimpleInstantiationStrategy.instantiate(SimpleInstantiationStrategy.java:154) [spring-beans-5.0.7.RELEASE.jar:5.0.7.RELEASE]
	at org.springframework.beans.factory.support.ConstructorResolver.instantiateUsingFactoryMethod(ConstructorResolver.java:582) [spring-beans-5.0.7.RELEASE.jar:5.0.7.RELEASE]
	at org.springframework.beans.factory.support.AbstractAutowireCapableBeanFactory.instantiateUsingFactoryMethod(AbstractAutowireCapableBeanFactory.java:1256) [spring-beans-5.0.7.RELEASE.jar:5.0.7.RELEASE]
	at org.springframework.beans.factory.support.AbstractAutowireCapableBeanFactory.createBeanInstance(AbstractAutowireCapableBeanFactory.java:1105) [spring-beans-5.0.7.RELEASE.jar:5.0.7.RELEASE]
	at org.springframework.beans.factory.support.AbstractAutowireCapableBeanFactory.doCreateBean(AbstractAutowireCapableBeanFactory.java:543) [spring-beans-5.0.7.RELEASE.jar:5.0.7.RELEASE]
	at org.springframework.beans.factory.support.AbstractAutowireCapableBeanFactory.createBean(AbstractAutowireCapableBeanFactory.java:503) [spring-beans-5.0.7.RELEASE.jar:5.0.7.RELEASE]
	at org.springframework.beans.factory.support.AbstractBeanFactory.lambda$doGetBean$1(AbstractBeanFactory.java:353) [spring-beans-5.0.7.RELEASE.jar:5.0.7.RELEASE]
	at org.springframework.cloud.context.scope.GenericScope$BeanLifecycleWrapper.getBean(GenericScope.java:390) ~[spring-cloud-context-2.0.0.RELEASE.jar:2.0.0.RELEASE]
	at org.springframework.cloud.context.scope.GenericScope.get(GenericScope.java:184) ~[spring-cloud-context-2.0.0.RELEASE.jar:2.0.0.RELEASE]
	at org.springframework.beans.factory.support.AbstractBeanFactory.doGetBean(AbstractBeanFactory.java:350) [spring-beans-5.0.7.RELEASE.jar:5.0.7.RELEASE]
	at org.springframework.beans.factory.support.AbstractBeanFactory.getBean(AbstractBeanFactory.java:199) [spring-beans-5.0.7.RELEASE.jar:5.0.7.RELEASE]
	at org.springframework.aop.target.SimpleBeanTargetSource.getTarget(SimpleBeanTargetSource.java:35) ~[spring-aop-5.0.7.RELEASE.jar:5.0.7.RELEASE]
	at org.springframework.cloud.netflix.eureka.serviceregistry.EurekaRegistration.getTargetObject(EurekaRegistration.java:167) ~[spring-cloud-netflix-eureka-client-2.0.0.RELEASE.jar:2.0.0.RELEASE]
	at org.springframework.cloud.netflix.eureka.serviceregistry.EurekaRegistration.getEurekaClient(EurekaRegistration.java:156) ~[spring-cloud-netflix-eureka-client-2.0.0.RELEASE.jar:2.0.0.RELEASE]
	at org.springframework.cloud.netflix.eureka.serviceregistry.EurekaServiceRegistry.maybeInitializeClient(EurekaServiceRegistry.java:57) ~[spring-cloud-netflix-eureka-client-2.0.0.RELEASE.jar:2.0.0.RELEASE]
	at org.springframework.cloud.netflix.eureka.serviceregistry.EurekaServiceRegistry.register(EurekaServiceRegistry.java:39) ~[spring-cloud-netflix-eureka-client-2.0.0.RELEASE.jar:2.0.0.RELEASE]
	at org.springframework.cloud.netflix.eureka.serviceregistry.EurekaAutoServiceRegistration.start(EurekaAutoServiceRegistration.java:80) ~[spring-cloud-netflix-eureka-client-2.0.0.RELEASE.jar:2.0.0.RELEASE]
	at org.springframework.context.support.DefaultLifecycleProcessor.doStart(DefaultLifecycleProcessor.java:181) ~[spring-context-5.0.7.RELEASE.jar:5.0.7.RELEASE]
	at org.springframework.context.support.DefaultLifecycleProcessor.access$200(DefaultLifecycleProcessor.java:52) ~[spring-context-5.0.7.RELEASE.jar:5.0.7.RELEASE]
	at org.springframework.context.support.DefaultLifecycleProcessor$LifecycleGroup.start(DefaultLifecycleProcessor.java:356) ~[spring-context-5.0.7.RELEASE.jar:5.0.7.RELEASE]
	at org.springframework.context.support.DefaultLifecycleProcessor.startBeans(DefaultLifecycleProcessor.java:157) ~[spring-context-5.0.7.RELEASE.jar:5.0.7.RELEASE]
	at org.springframework.context.support.DefaultLifecycleProcessor.onRefresh(DefaultLifecycleProcessor.java:121) ~[spring-context-5.0.7.RELEASE.jar:5.0.7.RELEASE]
	at org.springframework.context.support.AbstractApplicationContext.finishRefresh(AbstractApplicationContext.java:885) ~[spring-context-5.0.7.RELEASE.jar:5.0.7.RELEASE]
	at org.springframework.boot.web.servlet.context.ServletWebServerApplicationContext.finishRefresh(ServletWebServerApplicationContext.java:161) ~[spring-boot-2.0.3.RELEASE.jar:2.0.3.RELEASE]
	at org.springframework.context.support.AbstractApplicationContext.refresh(AbstractApplicationContext.java:553) ~[spring-context-5.0.7.RELEASE.jar:5.0.7.RELEASE]
	at org.springframework.boot.web.servlet.context.ServletWebServerApplicationContext.refresh(ServletWebServerApplicationContext.java:140) ~[spring-boot-2.0.3.RELEASE.jar:2.0.3.RELEASE]
	at org.springframework.boot.SpringApplication.refresh(SpringApplication.java:759) ~[spring-boot-2.0.3.RELEASE.jar:2.0.3.RELEASE]
	at org.springframework.boot.SpringApplication.refreshContext(SpringApplication.java:395) ~[spring-boot-2.0.3.RELEASE.jar:2.0.3.RELEASE]
	at org.springframework.boot.SpringApplication.run(SpringApplication.java:327) ~[spring-boot-2.0.3.RELEASE.jar:2.0.3.RELEASE]
	at org.springframework.boot.SpringApplication.run(SpringApplication.java:1255) ~[spring-boot-2.0.3.RELEASE.jar:2.0.3.RELEASE]
	at org.springframework.boot.SpringApplication.run(SpringApplication.java:1243) ~[spring-boot-2.0.3.RELEASE.jar:2.0.3.RELEASE]
	at com.chester.hystrixdashboard.HystrixDashboardApplication.main(HystrixDashboardApplication.java:15) ~[classes/:na]
Caused by: java.net.UnknownHostException: peer1
	at java.net.Inet6AddressImpl.lookupAllHostAddr(Native Method) ~[na:1.8.0_161]
	at java.net.InetAddress$2.lookupAllHostAddr(InetAddress.java:928) ~[na:1.8.0_161]
	at java.net.InetAddress.getAddressesFromNameService(InetAddress.java:1323) ~[na:1.8.0_161]
	at java.net.InetAddress.getAllByName0(InetAddress.java:1276) ~[na:1.8.0_161]
	at java.net.InetAddress.getAllByName(InetAddress.java:1192) ~[na:1.8.0_161]
	at java.net.InetAddress.getAllByName(InetAddress.java:1126) ~[na:1.8.0_161]
	at org.apache.http.impl.conn.SystemDefaultDnsResolver.resolve(SystemDefaultDnsResolver.java:45) ~[httpclient-4.5.5.jar:4.5.5]
	at org.apache.http.impl.conn.DefaultClientConnectionOperator.resolveHostname(DefaultClientConnectionOperator.java:263) ~[httpclient-4.5.5.jar:4.5.5]
	at org.apache.http.impl.conn.DefaultClientConnectionOperator.openConnection(DefaultClientConnectionOperator.java:162) ~[httpclient-4.5.5.jar:4.5.5]
	at org.apache.http.impl.conn.AbstractPoolEntry.open(AbstractPoolEntry.java:144) ~[httpclient-4.5.5.jar:4.5.5]
	at org.apache.http.impl.conn.AbstractPooledConnAdapter.open(AbstractPooledConnAdapter.java:134) ~[httpclient-4.5.5.jar:4.5.5]
	at org.apache.http.impl.client.DefaultRequestDirector.tryConnect(DefaultRequestDirector.java:610) ~[httpclient-4.5.5.jar:4.5.5]
	at org.apache.http.impl.client.DefaultRequestDirector.execute(DefaultRequestDirector.java:445) ~[httpclient-4.5.5.jar:4.5.5]
	at org.apache.http.impl.client.AbstractHttpClient.doExecute(AbstractHttpClient.java:835) ~[httpclient-4.5.5.jar:4.5.5]
	at org.apache.http.impl.client.CloseableHttpClient.execute(CloseableHttpClient.java:118) ~[httpclient-4.5.5.jar:4.5.5]
	at org.apache.http.impl.client.CloseableHttpClient.execute(CloseableHttpClient.java:56) ~[httpclient-4.5.5.jar:4.5.5]
	at com.sun.jersey.client.apache4.ApacheHttpClient4Handler.handle(ApacheHttpClient4Handler.java:173) ~[jersey-apache-client4-1.19.1.jar:1.19.1]
	... 68 common frames omitted

2018-07-16 16:32:53.848  WARN 14612 --- [main] c.n.d.s.t.d.RetryableEurekaHttpClient    : Request execution failed with message: java.net.UnknownHostException: peer1
2018-07-16 16:32:53.852 ERROR 14612 --- [main] com.netflix.discovery.DiscoveryClient    : DiscoveryClient_HYSTRIX-DASHBOARD/DESKTOP-6R4UAFM:hystrix-dashboard:11000 - was unable to refresh its cache! status = Cannot execute request on any known server

com.netflix.discovery.shared.transport.TransportException: Cannot execute request on any known server
	at com.netflix.discovery.shared.transport.decorator.RetryableEurekaHttpClient.execute(RetryableEurekaHttpClient.java:112) ~[eureka-client-1.9.2.jar:1.9.2]
	at com.netflix.discovery.shared.transport.decorator.EurekaHttpClientDecorator.getApplications(EurekaHttpClientDecorator.java:134) ~[eureka-client-1.9.2.jar:1.9.2]
	at com.netflix.discovery.shared.transport.decorator.EurekaHttpClientDecorator$6.execute(EurekaHttpClientDecorator.java:137) ~[eureka-client-1.9.2.jar:1.9.2]
	at com.netflix.discovery.shared.transport.decorator.SessionedEurekaHttpClient.execute(SessionedEurekaHttpClient.java:77) ~[eureka-client-1.9.2.jar:1.9.2]
	at com.netflix.discovery.shared.transport.decorator.EurekaHttpClientDecorator.getApplications(EurekaHttpClientDecorator.java:134) ~[eureka-client-1.9.2.jar:1.9.2]
	at com.netflix.discovery.DiscoveryClient.getAndStoreFullRegistry(DiscoveryClient.java:1051) [eureka-client-1.9.2.jar:1.9.2]
	at com.netflix.discovery.DiscoveryClient.fetchRegistry(DiscoveryClient.java:965) [eureka-client-1.9.2.jar:1.9.2]
	at com.netflix.discovery.DiscoveryClient.<init>(DiscoveryClient.java:414) [eureka-client-1.9.2.jar:1.9.2]
	at com.netflix.discovery.DiscoveryClient.<init>(DiscoveryClient.java:269) [eureka-client-1.9.2.jar:1.9.2]
	at org.springframework.cloud.netflix.eureka.CloudEurekaClient.<init>(CloudEurekaClient.java:63) [spring-cloud-netflix-eureka-client-2.0.0.RELEASE.jar:2.0.0.RELEASE]
	at org.springframework.cloud.netflix.eureka.EurekaClientAutoConfiguration$RefreshableEurekaClientConfiguration.eurekaClient(EurekaClientAutoConfiguration.java:269) [spring-cloud-netflix-eureka-client-2.0.0.RELEASE.jar:2.0.0.RELEASE]
	at org.springframework.cloud.netflix.eureka.EurekaClientAutoConfiguration$RefreshableEurekaClientConfiguration$$EnhancerBySpringCGLIB$$9d5c469b.CGLIB$eurekaClient$1(<generated>) [spring-cloud-netflix-eureka-client-2.0.0.RELEASE.jar:2.0.0.RELEASE]
	at org.springframework.cloud.netflix.eureka.EurekaClientAutoConfiguration$RefreshableEurekaClientConfiguration$$EnhancerBySpringCGLIB$$9d5c469b$$FastClassBySpringCGLIB$$b5abe266.invoke(<generated>) [spring-cloud-netflix-eureka-client-2.0.0.RELEASE.jar:2.0.0.RELEASE]
	at org.springframework.cglib.proxy.MethodProxy.invokeSuper(MethodProxy.java:228) [spring-core-5.0.7.RELEASE.jar:5.0.7.RELEASE]
	at org.springframework.context.annotation.ConfigurationClassEnhancer$BeanMethodInterceptor.intercept(ConfigurationClassEnhancer.java:361) [spring-context-5.0.7.RELEASE.jar:5.0.7.RELEASE]
	at org.springframework.cloud.netflix.eureka.EurekaClientAutoConfiguration$RefreshableEurekaClientConfiguration$$EnhancerBySpringCGLIB$$9d5c469b.eurekaClient(<generated>) [spring-cloud-netflix-eureka-client-2.0.0.RELEASE.jar:2.0.0.RELEASE]
	at sun.reflect.NativeMethodAccessorImpl.invoke0(Native Method) ~[na:1.8.0_161]
	at sun.reflect.NativeMethodAccessorImpl.invoke(NativeMethodAccessorImpl.java:62) ~[na:1.8.0_161]
	at sun.reflect.DelegatingMethodAccessorImpl.invoke(DelegatingMethodAccessorImpl.java:43) ~[na:1.8.0_161]
	at java.lang.reflect.Method.invoke(Method.java:498) ~[na:1.8.0_161]
	at org.springframework.beans.factory.support.SimpleInstantiationStrategy.instantiate(SimpleInstantiationStrategy.java:154) [spring-beans-5.0.7.RELEASE.jar:5.0.7.RELEASE]
	at org.springframework.beans.factory.support.ConstructorResolver.instantiateUsingFactoryMethod(ConstructorResolver.java:582) [spring-beans-5.0.7.RELEASE.jar:5.0.7.RELEASE]
	at org.springframework.beans.factory.support.AbstractAutowireCapableBeanFactory.instantiateUsingFactoryMethod(AbstractAutowireCapableBeanFactory.java:1256) [spring-beans-5.0.7.RELEASE.jar:5.0.7.RELEASE]
	at org.springframework.beans.factory.support.AbstractAutowireCapableBeanFactory.createBeanInstance(AbstractAutowireCapableBeanFactory.java:1105) [spring-beans-5.0.7.RELEASE.jar:5.0.7.RELEASE]
	at org.springframework.beans.factory.support.AbstractAutowireCapableBeanFactory.doCreateBean(AbstractAutowireCapableBeanFactory.java:543) [spring-beans-5.0.7.RELEASE.jar:5.0.7.RELEASE]
	at org.springframework.beans.factory.support.AbstractAutowireCapableBeanFactory.createBean(AbstractAutowireCapableBeanFactory.java:503) [spring-beans-5.0.7.RELEASE.jar:5.0.7.RELEASE]
	at org.springframework.beans.factory.support.AbstractBeanFactory.lambda$doGetBean$1(AbstractBeanFactory.java:353) [spring-beans-5.0.7.RELEASE.jar:5.0.7.RELEASE]
	at org.springframework.cloud.context.scope.GenericScope$BeanLifecycleWrapper.getBean(GenericScope.java:390) ~[spring-cloud-context-2.0.0.RELEASE.jar:2.0.0.RELEASE]
	at org.springframework.cloud.context.scope.GenericScope.get(GenericScope.java:184) ~[spring-cloud-context-2.0.0.RELEASE.jar:2.0.0.RELEASE]
	at org.springframework.beans.factory.support.AbstractBeanFactory.doGetBean(AbstractBeanFactory.java:350) [spring-beans-5.0.7.RELEASE.jar:5.0.7.RELEASE]
	at org.springframework.beans.factory.support.AbstractBeanFactory.getBean(AbstractBeanFactory.java:199) [spring-beans-5.0.7.RELEASE.jar:5.0.7.RELEASE]
	at org.springframework.aop.target.SimpleBeanTargetSource.getTarget(SimpleBeanTargetSource.java:35) ~[spring-aop-5.0.7.RELEASE.jar:5.0.7.RELEASE]
	at org.springframework.cloud.netflix.eureka.serviceregistry.EurekaRegistration.getTargetObject(EurekaRegistration.java:167) ~[spring-cloud-netflix-eureka-client-2.0.0.RELEASE.jar:2.0.0.RELEASE]
	at org.springframework.cloud.netflix.eureka.serviceregistry.EurekaRegistration.getEurekaClient(EurekaRegistration.java:156) ~[spring-cloud-netflix-eureka-client-2.0.0.RELEASE.jar:2.0.0.RELEASE]
	at org.springframework.cloud.netflix.eureka.serviceregistry.EurekaServiceRegistry.maybeInitializeClient(EurekaServiceRegistry.java:57) ~[spring-cloud-netflix-eureka-client-2.0.0.RELEASE.jar:2.0.0.RELEASE]
	at org.springframework.cloud.netflix.eureka.serviceregistry.EurekaServiceRegistry.register(EurekaServiceRegistry.java:39) ~[spring-cloud-netflix-eureka-client-2.0.0.RELEASE.jar:2.0.0.RELEASE]
	at org.springframework.cloud.netflix.eureka.serviceregistry.EurekaAutoServiceRegistration.start(EurekaAutoServiceRegistration.java:80) ~[spring-cloud-netflix-eureka-client-2.0.0.RELEASE.jar:2.0.0.RELEASE]
	at org.springframework.context.support.DefaultLifecycleProcessor.doStart(DefaultLifecycleProcessor.java:181) ~[spring-context-5.0.7.RELEASE.jar:5.0.7.RELEASE]
	at org.springframework.context.support.DefaultLifecycleProcessor.access$200(DefaultLifecycleProcessor.java:52) ~[spring-context-5.0.7.RELEASE.jar:5.0.7.RELEASE]
	at org.springframework.context.support.DefaultLifecycleProcessor$LifecycleGroup.start(DefaultLifecycleProcessor.java:356) ~[spring-context-5.0.7.RELEASE.jar:5.0.7.RELEASE]
	at org.springframework.context.support.DefaultLifecycleProcessor.startBeans(DefaultLifecycleProcessor.java:157) ~[spring-context-5.0.7.RELEASE.jar:5.0.7.RELEASE]
	at org.springframework.context.support.DefaultLifecycleProcessor.onRefresh(DefaultLifecycleProcessor.java:121) ~[spring-context-5.0.7.RELEASE.jar:5.0.7.RELEASE]
	at org.springframework.context.support.AbstractApplicationContext.finishRefresh(AbstractApplicationContext.java:885) ~[spring-context-5.0.7.RELEASE.jar:5.0.7.RELEASE]
	at org.springframework.boot.web.servlet.context.ServletWebServerApplicationContext.finishRefresh(ServletWebServerApplicationContext.java:161) ~[spring-boot-2.0.3.RELEASE.jar:2.0.3.RELEASE]
	at org.springframework.context.support.AbstractApplicationContext.refresh(AbstractApplicationContext.java:553) ~[spring-context-5.0.7.RELEASE.jar:5.0.7.RELEASE]
	at org.springframework.boot.web.servlet.context.ServletWebServerApplicationContext.refresh(ServletWebServerApplicationContext.java:140) ~[spring-boot-2.0.3.RELEASE.jar:2.0.3.RELEASE]
	at org.springframework.boot.SpringApplication.refresh(SpringApplication.java:759) ~[spring-boot-2.0.3.RELEASE.jar:2.0.3.RELEASE]
	at org.springframework.boot.SpringApplication.refreshContext(SpringApplication.java:395) ~[spring-boot-2.0.3.RELEASE.jar:2.0.3.RELEASE]
	at org.springframework.boot.SpringApplication.run(SpringApplication.java:327) ~[spring-boot-2.0.3.RELEASE.jar:2.0.3.RELEASE]
	at org.springframework.boot.SpringApplication.run(SpringApplication.java:1255) ~[spring-boot-2.0.3.RELEASE.jar:2.0.3.RELEASE]
	at org.springframework.boot.SpringApplication.run(SpringApplication.java:1243) ~[spring-boot-2.0.3.RELEASE.jar:2.0.3.RELEASE]
	at com.chester.hystrixdashboard.HystrixDashboardApplication.main(HystrixDashboardApplication.java:15) ~[classes/:na]

2018-07-16 16:32:53.857  WARN 14612 --- [main] com.netflix.discovery.DiscoveryClient    : Using default backup registry implementation which does not do anything.
2018-07-16 16:32:53.860  INFO 14612 --- [main] com.netflix.discovery.DiscoveryClient    : Starting heartbeat executor: renew interval is: 30
2018-07-16 16:32:53.867  INFO 14612 --- [main] c.n.discovery.InstanceInfoReplicator     : InstanceInfoReplicator onDemand update allowed rate per min is 4
2018-07-16 16:32:53.876  INFO 14612 --- [main] com.netflix.discovery.DiscoveryClient    : Discovery Client initialized at timestamp 1531729973873 with initial instances count: 0
2018-07-16 16:32:53.884  INFO 14612 --- [main] o.s.c.n.e.s.EurekaServiceRegistry        : Registering application hystrix-dashboard with eureka with status UP
2018-07-16 16:32:53.885  INFO 14612 --- [main] com.netflix.discovery.DiscoveryClient    : Saw local status change event StatusChangeEvent [timestamp=1531729973885, current=UP, previous=STARTING]
2018-07-16 16:32:53.894  INFO 14612 --- [DiscoveryClient-InstanceInfoReplicator-0] com.netflix.discovery.DiscoveryClient    : DiscoveryClient_HYSTRIX-DASHBOARD/DESKTOP-6R4UAFM:hystrix-dashboard:11000: registering service...
2018-07-16 16:32:53.913 ERROR 14612 --- [DiscoveryClient-InstanceInfoReplicator-0] c.n.d.s.t.d.RedirectingEurekaHttpClient  : Request execution error

com.sun.jersey.api.client.ClientHandlerException: java.net.UnknownHostException: peer1
	at com.sun.jersey.client.apache4.ApacheHttpClient4Handler.handle(ApacheHttpClient4Handler.java:187) ~[jersey-apache-client4-1.19.1.jar:1.19.1]
	at com.sun.jersey.api.client.filter.GZIPContentEncodingFilter.handle(GZIPContentEncodingFilter.java:123) ~[jersey-client-1.19.1.jar:1.19.1]
	at com.netflix.discovery.EurekaIdentityHeaderFilter.handle(EurekaIdentityHeaderFilter.java:27) ~[eureka-client-1.9.2.jar:1.9.2]
	at com.sun.jersey.api.client.Client.handle(Client.java:652) ~[jersey-client-1.19.1.jar:1.19.1]
	at com.sun.jersey.api.client.WebResource.handle(WebResource.java:682) ~[jersey-client-1.19.1.jar:1.19.1]
	at com.sun.jersey.api.client.WebResource.access$200(WebResource.java:74) ~[jersey-client-1.19.1.jar:1.19.1]
	at com.sun.jersey.api.client.WebResource$Builder.post(WebResource.java:570) ~[jersey-client-1.19.1.jar:1.19.1]
	at com.netflix.discovery.shared.transport.jersey.AbstractJerseyEurekaHttpClient.register(AbstractJerseyEurekaHttpClient.java:56) ~[eureka-client-1.9.2.jar:1.9.2]
	at com.netflix.discovery.shared.transport.decorator.EurekaHttpClientDecorator$1.execute(EurekaHttpClientDecorator.java:59) [eureka-client-1.9.2.jar:1.9.2]
	at com.netflix.discovery.shared.transport.decorator.MetricsCollectingEurekaHttpClient.execute(MetricsCollectingEurekaHttpClient.java:73) ~[eureka-client-1.9.2.jar:1.9.2]
	at com.netflix.discovery.shared.transport.decorator.EurekaHttpClientDecorator.register(EurekaHttpClientDecorator.java:56) [eureka-client-1.9.2.jar:1.9.2]
	at com.netflix.discovery.shared.transport.decorator.EurekaHttpClientDecorator$1.execute(EurekaHttpClientDecorator.java:59) [eureka-client-1.9.2.jar:1.9.2]
	at com.netflix.discovery.shared.transport.decorator.RedirectingEurekaHttpClient.executeOnNewServer(RedirectingEurekaHttpClient.java:118) ~[eureka-client-1.9.2.jar:1.9.2]
	at com.netflix.discovery.shared.transport.decorator.RedirectingEurekaHttpClient.execute(RedirectingEurekaHttpClient.java:79) ~[eureka-client-1.9.2.jar:1.9.2]
	at com.netflix.discovery.shared.transport.decorator.EurekaHttpClientDecorator.register(EurekaHttpClientDecorator.java:56) [eureka-client-1.9.2.jar:1.9.2]
	at com.netflix.discovery.shared.transport.decorator.EurekaHttpClientDecorator$1.execute(EurekaHttpClientDecorator.java:59) [eureka-client-1.9.2.jar:1.9.2]
	at com.netflix.discovery.shared.transport.decorator.RetryableEurekaHttpClient.execute(RetryableEurekaHttpClient.java:120) [eureka-client-1.9.2.jar:1.9.2]
	at com.netflix.discovery.shared.transport.decorator.EurekaHttpClientDecorator.register(EurekaHttpClientDecorator.java:56) [eureka-client-1.9.2.jar:1.9.2]
	at com.netflix.discovery.shared.transport.decorator.EurekaHttpClientDecorator$1.execute(EurekaHttpClientDecorator.java:59) [eureka-client-1.9.2.jar:1.9.2]
	at com.netflix.discovery.shared.transport.decorator.SessionedEurekaHttpClient.execute(SessionedEurekaHttpClient.java:77) [eureka-client-1.9.2.jar:1.9.2]
	at com.netflix.discovery.shared.transport.decorator.EurekaHttpClientDecorator.register(EurekaHttpClientDecorator.java:56) [eureka-client-1.9.2.jar:1.9.2]
	at com.netflix.discovery.DiscoveryClient.register(DiscoveryClient.java:829) [eureka-client-1.9.2.jar:1.9.2]
	at com.netflix.discovery.InstanceInfoReplicator.run(InstanceInfoReplicator.java:121) [eureka-client-1.9.2.jar:1.9.2]
	at com.netflix.discovery.InstanceInfoReplicator$1.run(InstanceInfoReplicator.java:101) [eureka-client-1.9.2.jar:1.9.2]
	at java.util.concurrent.Executors$RunnableAdapter.call(Executors.java:511) [na:1.8.0_161]
	at java.util.concurrent.FutureTask.run(FutureTask.java:266) [na:1.8.0_161]
	at java.util.concurrent.ScheduledThreadPoolExecutor$ScheduledFutureTask.access$201(ScheduledThreadPoolExecutor.java:180) [na:1.8.0_161]
	at java.util.concurrent.ScheduledThreadPoolExecutor$ScheduledFutureTask.run(ScheduledThreadPoolExecutor.java:293) [na:1.8.0_161]
	at java.util.concurrent.ThreadPoolExecutor.runWorker(ThreadPoolExecutor.java:1149) [na:1.8.0_161]
	at java.util.concurrent.ThreadPoolExecutor$Worker.run(ThreadPoolExecutor.java:624) [na:1.8.0_161]
	at java.lang.Thread.run(Thread.java:748) [na:1.8.0_161]
Caused by: java.net.UnknownHostException: peer1
	at java.net.InetAddress.getAllByName0(InetAddress.java:1280) ~[na:1.8.0_161]
	at java.net.InetAddress.getAllByName(InetAddress.java:1192) ~[na:1.8.0_161]
	at java.net.InetAddress.getAllByName(InetAddress.java:1126) ~[na:1.8.0_161]
	at org.apache.http.impl.conn.SystemDefaultDnsResolver.resolve(SystemDefaultDnsResolver.java:45) ~[httpclient-4.5.5.jar:4.5.5]
	at org.apache.http.impl.conn.DefaultClientConnectionOperator.resolveHostname(DefaultClientConnectionOperator.java:263) ~[httpclient-4.5.5.jar:4.5.5]
	at org.apache.http.impl.conn.DefaultClientConnectionOperator.openConnection(DefaultClientConnectionOperator.java:162) ~[httpclient-4.5.5.jar:4.5.5]
	at org.apache.http.impl.conn.AbstractPoolEntry.open(AbstractPoolEntry.java:144) ~[httpclient-4.5.5.jar:4.5.5]
	at org.apache.http.impl.conn.AbstractPooledConnAdapter.open(AbstractPooledConnAdapter.java:134) ~[httpclient-4.5.5.jar:4.5.5]
	at org.apache.http.impl.client.DefaultRequestDirector.tryConnect(DefaultRequestDirector.java:610) ~[httpclient-4.5.5.jar:4.5.5]
	at org.apache.http.impl.client.DefaultRequestDirector.execute(DefaultRequestDirector.java:445) ~[httpclient-4.5.5.jar:4.5.5]
	at org.apache.http.impl.client.AbstractHttpClient.doExecute(AbstractHttpClient.java:835) ~[httpclient-4.5.5.jar:4.5.5]
	at org.apache.http.impl.client.CloseableHttpClient.execute(CloseableHttpClient.java:118) ~[httpclient-4.5.5.jar:4.5.5]
	at org.apache.http.impl.client.CloseableHttpClient.execute(CloseableHttpClient.java:56) ~[httpclient-4.5.5.jar:4.5.5]
	at com.sun.jersey.client.apache4.ApacheHttpClient4Handler.handle(ApacheHttpClient4Handler.java:173) ~[jersey-apache-client4-1.19.1.jar:1.19.1]
	... 30 common frames omitted

2018-07-16 16:32:53.916  WARN 14612 --- [DiscoveryClient-InstanceInfoReplicator-0] c.n.d.s.t.d.RetryableEurekaHttpClient    : Request execution failed with message: java.net.UnknownHostException: peer1
2018-07-16 16:32:53.917  WARN 14612 --- [DiscoveryClient-InstanceInfoReplicator-0] com.netflix.discovery.DiscoveryClient    : DiscoveryClient_HYSTRIX-DASHBOARD/DESKTOP-6R4UAFM:hystrix-dashboard:11000 - registration failed Cannot execute request on any known server

com.netflix.discovery.shared.transport.TransportException: Cannot execute request on any known server
	at com.netflix.discovery.shared.transport.decorator.RetryableEurekaHttpClient.execute(RetryableEurekaHttpClient.java:112) ~[eureka-client-1.9.2.jar:1.9.2]
	at com.netflix.discovery.shared.transport.decorator.EurekaHttpClientDecorator.register(EurekaHttpClientDecorator.java:56) ~[eureka-client-1.9.2.jar:1.9.2]
	at com.netflix.discovery.shared.transport.decorator.EurekaHttpClientDecorator$1.execute(EurekaHttpClientDecorator.java:59) ~[eureka-client-1.9.2.jar:1.9.2]
	at com.netflix.discovery.shared.transport.decorator.SessionedEurekaHttpClient.execute(SessionedEurekaHttpClient.java:77) ~[eureka-client-1.9.2.jar:1.9.2]
	at com.netflix.discovery.shared.transport.decorator.EurekaHttpClientDecorator.register(EurekaHttpClientDecorator.java:56) ~[eureka-client-1.9.2.jar:1.9.2]
	at com.netflix.discovery.DiscoveryClient.register(DiscoveryClient.java:829) ~[eureka-client-1.9.2.jar:1.9.2]
	at com.netflix.discovery.InstanceInfoReplicator.run(InstanceInfoReplicator.java:121) [eureka-client-1.9.2.jar:1.9.2]
	at com.netflix.discovery.InstanceInfoReplicator$1.run(InstanceInfoReplicator.java:101) [eureka-client-1.9.2.jar:1.9.2]
	at java.util.concurrent.Executors$RunnableAdapter.call(Executors.java:511) [na:1.8.0_161]
	at java.util.concurrent.FutureTask.run(FutureTask.java:266) [na:1.8.0_161]
	at java.util.concurrent.ScheduledThreadPoolExecutor$ScheduledFutureTask.access$201(ScheduledThreadPoolExecutor.java:180) [na:1.8.0_161]
	at java.util.concurrent.ScheduledThreadPoolExecutor$ScheduledFutureTask.run(ScheduledThreadPoolExecutor.java:293) [na:1.8.0_161]
	at java.util.concurrent.ThreadPoolExecutor.runWorker(ThreadPoolExecutor.java:1149) [na:1.8.0_161]
	at java.util.concurrent.ThreadPoolExecutor$Worker.run(ThreadPoolExecutor.java:624) [na:1.8.0_161]
	at java.lang.Thread.run(Thread.java:748) [na:1.8.0_161]

2018-07-16 16:32:53.917  WARN 14612 --- [DiscoveryClient-InstanceInfoReplicator-0] c.n.discovery.InstanceInfoReplicator     : There was a problem with the instance info replicator

com.netflix.discovery.shared.transport.TransportException: Cannot execute request on any known server
	at com.netflix.discovery.shared.transport.decorator.RetryableEurekaHttpClient.execute(RetryableEurekaHttpClient.java:112) ~[eureka-client-1.9.2.jar:1.9.2]
	at com.netflix.discovery.shared.transport.decorator.EurekaHttpClientDecorator.register(EurekaHttpClientDecorator.java:56) ~[eureka-client-1.9.2.jar:1.9.2]
	at com.netflix.discovery.shared.transport.decorator.EurekaHttpClientDecorator$1.execute(EurekaHttpClientDecorator.java:59) ~[eureka-client-1.9.2.jar:1.9.2]
	at com.netflix.discovery.shared.transport.decorator.SessionedEurekaHttpClient.execute(SessionedEurekaHttpClient.java:77) ~[eureka-client-1.9.2.jar:1.9.2]
	at com.netflix.discovery.shared.transport.decorator.EurekaHttpClientDecorator.register(EurekaHttpClientDecorator.java:56) ~[eureka-client-1.9.2.jar:1.9.2]
	at com.netflix.discovery.DiscoveryClient.register(DiscoveryClient.java:829) ~[eureka-client-1.9.2.jar:1.9.2]
	at com.netflix.discovery.InstanceInfoReplicator.run(InstanceInfoReplicator.java:121) ~[eureka-client-1.9.2.jar:1.9.2]
	at com.netflix.discovery.InstanceInfoReplicator$1.run(InstanceInfoReplicator.java:101) [eureka-client-1.9.2.jar:1.9.2]
	at java.util.concurrent.Executors$RunnableAdapter.call(Executors.java:511) [na:1.8.0_161]
	at java.util.concurrent.FutureTask.run(FutureTask.java:266) [na:1.8.0_161]
	at java.util.concurrent.ScheduledThreadPoolExecutor$ScheduledFutureTask.access$201(ScheduledThreadPoolExecutor.java:180) [na:1.8.0_161]
	at java.util.concurrent.ScheduledThreadPoolExecutor$ScheduledFutureTask.run(ScheduledThreadPoolExecutor.java:293) [na:1.8.0_161]
	at java.util.concurrent.ThreadPoolExecutor.runWorker(ThreadPoolExecutor.java:1149) [na:1.8.0_161]
	at java.util.concurrent.ThreadPoolExecutor$Worker.run(ThreadPoolExecutor.java:624) [na:1.8.0_161]
	at java.lang.Thread.run(Thread.java:748) [na:1.8.0_161]

2018-07-16 16:32:53.966  INFO 14612 --- [main] o.s.b.w.embedded.tomcat.TomcatWebServer  : Tomcat started on port(s): 11000 (http) with context path ''
2018-07-16 16:32:53.968  INFO 14612 --- [main] .s.c.n.e.s.EurekaAutoServiceRegistration : Updating port to 11000
2018-07-16 16:32:53.971  INFO 14612 --- [main] c.c.h.HystrixDashboardApplication        : Started HystrixDashboardApplication in 11.591 seconds (JVM running for 13.301)
2018-07-16 16:33:55.100  INFO 5272 --- [main] c.c.h.HystrixDashboardApplication        : No active profile set, falling back to default profiles: default
2018-07-16 16:33:55.111  INFO 5272 --- [main] ConfigServletWebServerApplicationContext : Refreshing org.springframework.boot.web.servlet.context.AnnotationConfigServletWebServerApplicationContext@3961a41a: startup date [Mon Jul 16 16:33:55 CST 2018]; parent: org.springframework.context.annotation.AnnotationConfigApplicationContext@1fde5d22
2018-07-16 16:33:55.644  INFO 5272 --- [main] o.s.cloud.context.scope.GenericScope     : BeanFactory id=de0b40d0-b74e-3de5-a3ac-0b237f347d26
2018-07-16 16:33:55.659  INFO 5272 --- [main] f.a.AutowiredAnnotationBeanPostProcessor : JSR-330 'javax.inject.Inject' annotation found and supported for autowiring
2018-07-16 16:33:55.745  INFO 5272 --- [main] trationDelegate$BeanPostProcessorChecker : Bean 'org.springframework.cloud.autoconfigure.ConfigurationPropertiesRebinderAutoConfiguration' of type [org.springframework.cloud.autoconfigure.ConfigurationPropertiesRebinderAutoConfiguration$$EnhancerBySpringCGLIB$$e023bc80] is not eligible for getting processed by all BeanPostProcessors (for example: not eligible for auto-proxying)
2018-07-16 16:33:55.955  INFO 5272 --- [main] o.s.b.w.embedded.tomcat.TomcatWebServer  : Tomcat initialized with port(s): 11000 (http)
2018-07-16 16:33:55.976  INFO 5272 --- [main] o.apache.catalina.core.StandardService   : Starting service [Tomcat]
2018-07-16 16:33:55.977  INFO 5272 --- [main] org.apache.catalina.core.StandardEngine  : Starting Servlet Engine: Apache Tomcat/8.5.31
2018-07-16 16:33:55.982  INFO 5272 --- [localhost-startStop-1] o.a.catalina.core.AprLifecycleListener   : The APR based Apache Tomcat Native library which allows optimal performance in production environments was not found on the java.library.path: [D:\InstallSoft\jdk1.8\bin;C:\WINDOWS\Sun\Java\bin;C:\WINDOWS\system32;C:\WINDOWS;C:\ProgramData\Oracle\Java\javapath;C:\WINDOWS\system32;C:\WINDOWS;C:\WINDOWS\System32\Wbem;C:\WINDOWS\System32\WindowsPowerShell\v1.0\;"%JAVA_HOME%\bin;%JAVA_HOME%\jre\bin;";D:\InstallSoft\Git\cmd;C:\Program Files\MySQL\MySQL Utilities 1.6\;D:\InstallSoft\apache-maven-3.5.3\bin;;C:\WINDOWS\System32\OpenSSH\;C:\Users\wuxiaopeng\AppData\Local\Microsoft\WindowsApps;;.]
2018-07-16 16:33:56.094  INFO 5272 --- [localhost-startStop-1] o.a.c.c.C.[Tomcat].[localhost].[/]       : Initializing Spring embedded WebApplicationContext
2018-07-16 16:33:56.094  INFO 5272 --- [localhost-startStop-1] o.s.web.context.ContextLoader            : Root WebApplicationContext: initialization completed in 983 ms
2018-07-16 16:33:56.230  INFO 5272 --- [localhost-startStop-1] o.s.b.w.servlet.ServletRegistrationBean  : Servlet proxyStreamServlet mapped to [/proxy.stream]
2018-07-16 16:33:56.231  INFO 5272 --- [localhost-startStop-1] o.s.b.w.servlet.ServletRegistrationBean  : Servlet dispatcherServlet mapped to [/]
2018-07-16 16:33:56.234  INFO 5272 --- [localhost-startStop-1] o.s.b.w.servlet.FilterRegistrationBean   : Mapping filter: 'characterEncodingFilter' to: [/*]
2018-07-16 16:33:56.235  INFO 5272 --- [localhost-startStop-1] o.s.b.w.servlet.FilterRegistrationBean   : Mapping filter: 'hiddenHttpMethodFilter' to: [/*]
2018-07-16 16:33:56.235  INFO 5272 --- [localhost-startStop-1] o.s.b.w.servlet.FilterRegistrationBean   : Mapping filter: 'httpPutFormContentFilter' to: [/*]
2018-07-16 16:33:56.235  INFO 5272 --- [localhost-startStop-1] o.s.b.w.servlet.FilterRegistrationBean   : Mapping filter: 'requestContextFilter' to: [/*]
2018-07-16 16:33:56.320  INFO 5272 --- [main] o.s.ui.freemarker.SpringTemplateLoader   : SpringTemplateLoader for FreeMarker: using resource loader [org.springframework.boot.web.servlet.context.AnnotationConfigServletWebServerApplicationContext@3961a41a: startup date [Mon Jul 16 16:33:55 CST 2018]; parent: org.springframework.context.annotation.AnnotationConfigApplicationContext@1fde5d22] and template loader path [classpath:/templates/]
2018-07-16 16:33:56.321  INFO 5272 --- [main] o.s.w.s.v.f.FreeMarkerConfigurer         : ClassTemplateLoader for Spring macros added to FreeMarker configuration
2018-07-16 16:33:56.359  WARN 5272 --- [main] c.n.c.sources.URLConfigurationSource     : No URLs will be polled as dynamic configuration sources.
2018-07-16 16:33:56.359  INFO 5272 --- [main] c.n.c.sources.URLConfigurationSource     : To enable URLs as dynamic configuration sources, define System property archaius.configurationSource.additionalUrls or make config.properties available on classpath.
2018-07-16 16:33:56.363  WARN 5272 --- [main] c.n.c.sources.URLConfigurationSource     : No URLs will be polled as dynamic configuration sources.
2018-07-16 16:33:56.363  INFO 5272 --- [main] c.n.c.sources.URLConfigurationSource     : To enable URLs as dynamic configuration sources, define System property archaius.configurationSource.additionalUrls or make config.properties available on classpath.
2018-07-16 16:33:56.447  INFO 5272 --- [main] o.s.w.s.handler.SimpleUrlHandlerMapping  : Mapped URL path [/**/favicon.ico] onto handler of type [class org.springframework.web.servlet.resource.ResourceHttpRequestHandler]
2018-07-16 16:33:56.650  INFO 5272 --- [main] s.w.s.m.m.a.RequestMappingHandlerAdapter : Looking for @ControllerAdvice: org.springframework.boot.web.servlet.context.AnnotationConfigServletWebServerApplicationContext@3961a41a: startup date [Mon Jul 16 16:33:55 CST 2018]; parent: org.springframework.context.annotation.AnnotationConfigApplicationContext@1fde5d22
2018-07-16 16:33:56.709  INFO 5272 --- [main] s.w.s.m.m.a.RequestMappingHandlerMapping : Mapped "{[/hystrix/{path}]}" onto public java.lang.String org.springframework.cloud.netflix.hystrix.dashboard.HystrixDashboardController.monitor(java.lang.String,org.springframework.ui.Model,org.springframework.web.context.request.WebRequest)
2018-07-16 16:33:56.710  INFO 5272 --- [main] s.w.s.m.m.a.RequestMappingHandlerMapping : Mapped "{[/hystrix]}" onto public java.lang.String org.springframework.cloud.netflix.hystrix.dashboard.HystrixDashboardController.home(org.springframework.ui.Model,org.springframework.web.context.request.WebRequest)
2018-07-16 16:33:56.713  INFO 5272 --- [main] s.w.s.m.m.a.RequestMappingHandlerMapping : Mapped "{[/error]}" onto public org.springframework.http.ResponseEntity<java.util.Map<java.lang.String, java.lang.Object>> org.springframework.boot.autoconfigure.web.servlet.error.BasicErrorController.error(javax.servlet.http.HttpServletRequest)
2018-07-16 16:33:56.714  INFO 5272 --- [main] s.w.s.m.m.a.RequestMappingHandlerMapping : Mapped "{[/error],produces=[text/html]}" onto public org.springframework.web.servlet.ModelAndView org.springframework.boot.autoconfigure.web.servlet.error.BasicErrorController.errorHtml(javax.servlet.http.HttpServletRequest,javax.servlet.http.HttpServletResponse)
2018-07-16 16:33:56.740  INFO 5272 --- [main] o.s.w.s.handler.SimpleUrlHandlerMapping  : Mapped URL path [/webjars/**] onto handler of type [class org.springframework.web.servlet.resource.ResourceHttpRequestHandler]
2018-07-16 16:33:56.740  INFO 5272 --- [main] o.s.w.s.handler.SimpleUrlHandlerMapping  : Mapped URL path [/**] onto handler of type [class org.springframework.web.servlet.resource.ResourceHttpRequestHandler]
2018-07-16 16:33:57.410  INFO 5272 --- [main] o.s.j.e.a.AnnotationMBeanExporter        : Registering beans for JMX exposure on startup
2018-07-16 16:33:57.418  INFO 5272 --- [main] o.s.j.e.a.AnnotationMBeanExporter        : Bean with name 'configurationPropertiesRebinder' has been autodetected for JMX exposure
2018-07-16 16:33:57.419  INFO 5272 --- [main] o.s.j.e.a.AnnotationMBeanExporter        : Bean with name 'environmentManager' has been autodetected for JMX exposure
2018-07-16 16:33:57.419  INFO 5272 --- [main] o.s.j.e.a.AnnotationMBeanExporter        : Bean with name 'refreshScope' has been autodetected for JMX exposure
2018-07-16 16:33:57.422  INFO 5272 --- [main] o.s.j.e.a.AnnotationMBeanExporter        : Located managed bean 'environmentManager': registering with JMX server as MBean [org.springframework.cloud.context.environment:name=environmentManager,type=EnvironmentManager]
2018-07-16 16:33:57.434  INFO 5272 --- [main] o.s.j.e.a.AnnotationMBeanExporter        : Located managed bean 'refreshScope': registering with JMX server as MBean [org.springframework.cloud.context.scope.refresh:name=refreshScope,type=RefreshScope]
2018-07-16 16:33:57.444  INFO 5272 --- [main] o.s.j.e.a.AnnotationMBeanExporter        : Located managed bean 'configurationPropertiesRebinder': registering with JMX server as MBean [org.springframework.cloud.context.properties:name=configurationPropertiesRebinder,context=3961a41a,type=ConfigurationPropertiesRebinder]
2018-07-16 16:33:57.453  INFO 5272 --- [main] o.s.c.support.DefaultLifecycleProcessor  : Starting beans in phase 0
2018-07-16 16:33:57.462  INFO 5272 --- [main] o.s.c.n.eureka.InstanceInfoFactory       : Setting initial instance status as: STARTING
2018-07-16 16:33:57.499  INFO 5272 --- [main] com.netflix.discovery.DiscoveryClient    : Initializing Eureka in region us-east-1
2018-07-16 16:33:57.728  INFO 5272 --- [main] c.n.d.provider.DiscoveryJerseyProvider   : Using JSON encoding codec LegacyJacksonJson
2018-07-16 16:33:57.728  INFO 5272 --- [main] c.n.d.provider.DiscoveryJerseyProvider   : Using JSON decoding codec LegacyJacksonJson
2018-07-16 16:33:57.824  INFO 5272 --- [main] c.n.d.provider.DiscoveryJerseyProvider   : Using XML encoding codec XStreamXml
2018-07-16 16:33:57.824  INFO 5272 --- [main] c.n.d.provider.DiscoveryJerseyProvider   : Using XML decoding codec XStreamXml
2018-07-16 16:33:58.012  INFO 5272 --- [main] c.n.d.s.r.aws.ConfigClusterResolver      : Resolving eureka endpoints via configuration
2018-07-16 16:33:58.062  INFO 5272 --- [main] com.netflix.discovery.DiscoveryClient    : Disable delta property : false
2018-07-16 16:33:58.062  INFO 5272 --- [main] com.netflix.discovery.DiscoveryClient    : Single vip registry refresh property : null
2018-07-16 16:33:58.062  INFO 5272 --- [main] com.netflix.discovery.DiscoveryClient    : Force full registry fetch : false
2018-07-16 16:33:58.062  INFO 5272 --- [main] com.netflix.discovery.DiscoveryClient    : Application is null : false
2018-07-16 16:33:58.062  INFO 5272 --- [main] com.netflix.discovery.DiscoveryClient    : Registered Applications size is zero : true
2018-07-16 16:33:58.062  INFO 5272 --- [main] com.netflix.discovery.DiscoveryClient    : Application version is -1: true
2018-07-16 16:33:58.063  INFO 5272 --- [main] com.netflix.discovery.DiscoveryClient    : Getting all instance registry info from the eureka server
2018-07-16 16:33:58.219  INFO 5272 --- [main] com.netflix.discovery.DiscoveryClient    : The response status is 200
2018-07-16 16:33:58.223  INFO 5272 --- [main] com.netflix.discovery.DiscoveryClient    : Starting heartbeat executor: renew interval is: 30
2018-07-16 16:33:58.227  INFO 5272 --- [main] c.n.discovery.InstanceInfoReplicator     : InstanceInfoReplicator onDemand update allowed rate per min is 4
2018-07-16 16:33:58.231  INFO 5272 --- [main] com.netflix.discovery.DiscoveryClient    : Discovery Client initialized at timestamp 1531730038230 with initial instances count: 2
2018-07-16 16:33:58.235  INFO 5272 --- [main] o.s.c.n.e.s.EurekaServiceRegistry        : Registering application hystrix-dashboard with eureka with status UP
2018-07-16 16:33:58.235  INFO 5272 --- [main] com.netflix.discovery.DiscoveryClient    : Saw local status change event StatusChangeEvent [timestamp=1531730038235, current=UP, previous=STARTING]
2018-07-16 16:33:58.237  INFO 5272 --- [DiscoveryClient-InstanceInfoReplicator-0] com.netflix.discovery.DiscoveryClient    : DiscoveryClient_HYSTRIX-DASHBOARD/DESKTOP-6R4UAFM:hystrix-dashboard:11000: registering service...
2018-07-16 16:33:58.282  INFO 5272 --- [DiscoveryClient-InstanceInfoReplicator-0] com.netflix.discovery.DiscoveryClient    : DiscoveryClient_HYSTRIX-DASHBOARD/DESKTOP-6R4UAFM:hystrix-dashboard:11000 - registration status: 204
2018-07-16 16:33:58.305  INFO 5272 --- [main] o.s.b.w.embedded.tomcat.TomcatWebServer  : Tomcat started on port(s): 11000 (http) with context path ''
2018-07-16 16:33:58.307  INFO 5272 --- [main] .s.c.n.e.s.EurekaAutoServiceRegistration : Updating port to 11000
2018-07-16 16:33:58.310  INFO 5272 --- [main] c.c.h.HystrixDashboardApplication        : Started HystrixDashboardApplication in 4.761 seconds (JVM running for 5.506)
2018-07-16 16:34:23.155  INFO 5272 --- [http-nio-11000-exec-2] o.a.c.c.C.[Tomcat].[localhost].[/]       : Initializing Spring FrameworkServlet 'dispatcherServlet'
2018-07-16 16:34:23.155  INFO 5272 --- [http-nio-11000-exec-2] o.s.web.servlet.DispatcherServlet        : FrameworkServlet 'dispatcherServlet': initialization started
2018-07-16 16:34:23.174  INFO 5272 --- [http-nio-11000-exec-2] o.s.web.servlet.DispatcherServlet        : FrameworkServlet 'dispatcherServlet': initialization completed in 19 ms
2018-07-16 16:34:47.595  INFO 5272 --- [http-nio-11000-exec-4] ashboardConfiguration$ProxyStreamServlet : 

Proxy opening connection to: http://localhost:11000/hystrix.stream


2018-07-16 16:34:47.595  INFO 5272 --- [http-nio-11000-exec-1] ashboardConfiguration$ProxyStreamServlet : 

Proxy opening connection to: http://localhost:11000/hystrix.stream


2018-07-16 16:34:47.634  WARN 5272 --- [http-nio-11000-exec-1] ashboardConfiguration$ProxyStreamServlet : Failed opening connection to http://localhost:11000/hystrix.stream : 404 : HTTP/1.1 404 
2018-07-16 16:34:47.634  WARN 5272 --- [http-nio-11000-exec-4] ashboardConfiguration$ProxyStreamServlet : Failed opening connection to http://localhost:11000/hystrix.stream : 404 : HTTP/1.1 404 
2018-07-16 16:38:58.067  INFO 5272 --- [AsyncResolver-bootstrap-executor-0] c.n.d.s.r.aws.ConfigClusterResolver      : Resolving eureka endpoints via configuration
2018-07-16 16:43:58.071  INFO 5272 --- [AsyncResolver-bootstrap-executor-0] c.n.d.s.r.aws.ConfigClusterResolver      : Resolving eureka endpoints via configuration
2018-07-16 16:48:58.072  INFO 5272 --- [AsyncResolver-bootstrap-executor-0] c.n.d.s.r.aws.ConfigClusterResolver      : Resolving eureka endpoints via configuration
2018-07-16 16:53:58.077  INFO 5272 --- [AsyncResolver-bootstrap-executor-0] c.n.d.s.r.aws.ConfigClusterResolver      : Resolving eureka endpoints via configuration
2018-07-16 16:58:58.079  INFO 5272 --- [AsyncResolver-bootstrap-executor-0] c.n.d.s.r.aws.ConfigClusterResolver      : Resolving eureka endpoints via configuration
2018-07-16 17:03:58.081  INFO 5272 --- [AsyncResolver-bootstrap-executor-0] c.n.d.s.r.aws.ConfigClusterResolver      : Resolving eureka endpoints via configuration
2018-07-16 17:08:58.084  INFO 5272 --- [AsyncResolver-bootstrap-executor-0] c.n.d.s.r.aws.ConfigClusterResolver      : Resolving eureka endpoints via configuration
2018-07-16 17:13:58.085  INFO 5272 --- [AsyncResolver-bootstrap-executor-0] c.n.d.s.r.aws.ConfigClusterResolver      : Resolving eureka endpoints via configuration
2018-07-16 17:18:58.088  INFO 5272 --- [AsyncResolver-bootstrap-executor-0] c.n.d.s.r.aws.ConfigClusterResolver      : Resolving eureka endpoints via configuration
2018-07-16 17:23:58.090  INFO 5272 --- [AsyncResolver-bootstrap-executor-0] c.n.d.s.r.aws.ConfigClusterResolver      : Resolving eureka endpoints via configuration
2018-07-16 17:28:58.091  INFO 5272 --- [AsyncResolver-bootstrap-executor-0] c.n.d.s.r.aws.ConfigClusterResolver      : Resolving eureka endpoints via configuration
