#
# There is insufficient memory for the Java Runtime Environment to continue.
# Native memory allocation (malloc) failed to allocate 1178736 bytes for Chunk::new
# Possible reasons:
#   The system is out of physical RAM or swap space
#   In 32 bit mode, the process size limit was hit
# Possible solutions:
#   Reduce memory load on the system
#   Increase physical memory or swap space
#   Check if swap backing store is full
#   Use 64 bit Java on a 64 bit OS
#   Decrease Java heap size (-Xmx/-Xms)
#   Decrease number of Java threads
#   Decrease Java thread stack sizes (-Xss)
#   Set larger code cache with -XX:ReservedCodeCacheSize=
# This output file may be truncated or incomplete.
#
#  Out of Memory Error (allocation.cpp:390), pid=5952, tid=0x0000000000000454
#
# JRE version: Java(TM) SE Runtime Environment (8.0_161-b12) (build 1.8.0_161-b12)
# Java VM: Java HotSpot(TM) 64-Bit Server VM (25.161-b12 mixed mode windows-amd64 compressed oops)
# Failed to write core dump. Minidumps are not enabled by default on client versions of Windows
#

---------------  T H R E A D  ---------------

Current thread (0x00000000178b5800):  JavaThread "C2 CompilerThread0" daemon [_thread_in_native, id=1108, stack(0x0000000019520000,0x0000000019620000)]

Stack: [0x0000000019520000,0x0000000019620000]
[error occurred during error reporting (printing stack bounds), id 0xc0000005]

Native frames: (J=compiled Java code, j=interpreted, Vv=VM code, C=native code)


Current CompileTask:
C2:1343242 7556       4       rx.internal.operators.OnSubscribeLift::call (9 bytes)


---------------  P R O C E S S  ---------------

Java Threads: ( => current thread )
  0x000000001c44a000 JavaThread "AsyncResolver-bootstrap-executor-0" daemon [_thread_blocked, id=11484, stack(0x0000000029620000,0x0000000029720000)]
  0x000000001c446800 JavaThread "DiscoveryClient-HeartbeatExecutor-0" daemon [_thread_blocked, id=15592, stack(0x0000000029520000,0x0000000029620000)]
  0x000000001c449800 JavaThread "DiscoveryClient-CacheRefreshExecutor-0" daemon [_thread_blocked, id=6468, stack(0x0000000029420000,0x0000000029520000)]
  0x000000001c448000 JavaThread "HystrixTimer-4" daemon [_thread_blocked, id=11256, stack(0x0000000029320000,0x0000000029420000)]
  0x000000001c44b000 JavaThread "HystrixTimer-3" daemon [_thread_blocked, id=11784, stack(0x0000000029220000,0x0000000029320000)]
  0x000000001b14d800 JavaThread "PollingServerListUpdater-1" daemon [_thread_blocked, id=15384, stack(0x0000000029120000,0x0000000029220000)]
  0x000000001b150800 JavaThread "HystrixTimer-2" daemon [_thread_blocked, id=9988, stack(0x0000000029020000,0x0000000029120000)]
  0x000000001b14c800 JavaThread "HystrixTimer-1" daemon [_thread_blocked, id=6796, stack(0x0000000028f20000,0x0000000029020000)]
  0x000000001b14f800 JavaThread "RxComputationScheduler-1" daemon [_thread_blocked, id=13448, stack(0x0000000028e20000,0x0000000028f20000)]
  0x000000001b14f000 JavaThread "DataPublisher" daemon [_thread_blocked, id=18404, stack(0x0000000028d20000,0x0000000028e20000)]
  0x000000001b14c000 JavaThread "PollingServerListUpdater-0" daemon [_thread_blocked, id=1224, stack(0x0000000028c20000,0x0000000028d20000)]
  0x000000001b14e000 JavaThread "NFLoadBalancer-PingTimer-cloud-producer" daemon [_thread_blocked, id=9516, stack(0x0000000028b20000,0x0000000028c20000)]
  0x000000001b144000 JavaThread "RibbonApacheHttpClientConfiguration.connectionManagerTimer" daemon [_thread_blocked, id=14112, stack(0x0000000028880000,0x0000000028980000)]
  0x000000001b14b000 JavaThread "expiringMap-0" daemon [_thread_blocked, id=17912, stack(0x0000000027f80000,0x0000000028080000)]
  0x000000001b14a800 JavaThread "DestroyJavaVM" [_thread_blocked, id=1596, stack(0x0000000002b30000,0x0000000002c30000)]
  0x000000001b142800 JavaThread "http-nio-9006-AsyncTimeout" daemon [_thread_blocked, id=12676, stack(0x0000000027d80000,0x0000000027e80000)]
  0x000000001b145800 JavaThread "http-nio-9006-Acceptor-0" daemon [_thread_in_native, id=7712, stack(0x0000000027c80000,0x0000000027d80000)]
  0x000000001b149800 JavaThread "http-nio-9006-ClientPoller-1" daemon [_thread_in_native, id=18348, stack(0x0000000027b80000,0x0000000027c80000)]
  0x000000001b147000 JavaThread "http-nio-9006-ClientPoller-0" daemon [_thread_in_native, id=15824, stack(0x0000000027a80000,0x0000000027b80000)]
  0x000000001b146800 JavaThread "http-nio-9006-exec-10" daemon [_thread_blocked, id=1960, stack(0x0000000027980000,0x0000000027a80000)]
  0x000000001b143800 JavaThread "http-nio-9006-exec-9" daemon [_thread_blocked, id=1776, stack(0x0000000027880000,0x0000000027980000)]
  0x000000001b142000 JavaThread "http-nio-9006-exec-8" daemon [_thread_blocked, id=8368, stack(0x0000000027780000,0x0000000027880000)]
  0x000000001b149000 JavaThread "http-nio-9006-exec-7" daemon [_thread_blocked, id=18236, stack(0x0000000027680000,0x0000000027780000)]
  0x000000001b141000 JavaThread "http-nio-9006-exec-6" daemon [_thread_blocked, id=14420, stack(0x0000000027580000,0x0000000027680000)]
  0x000000001b145000 JavaThread "http-nio-9006-exec-5" daemon [_thread_blocked, id=17308, stack(0x0000000027480000,0x0000000027580000)]
  0x000000001b148000 JavaThread "http-nio-9006-exec-4" daemon [_thread_blocked, id=1312, stack(0x0000000027380000,0x0000000027480000)]
  0x000000001bdfb000 JavaThread "http-nio-9006-exec-3" daemon [_thread_blocked, id=6444, stack(0x0000000027280000,0x0000000027380000)]
  0x000000001bdf9000 JavaThread "http-nio-9006-exec-2" daemon [_thread_blocked, id=6120, stack(0x0000000027180000,0x0000000027280000)]
  0x000000001bdfa800 JavaThread "http-nio-9006-exec-1" daemon [_thread_blocked, id=16716, stack(0x0000000027080000,0x0000000027180000)]
  0x000000001bdff000 JavaThread "NioBlockingSelector.BlockPoller-1" daemon [_thread_in_native, id=3404, stack(0x0000000026f80000,0x0000000027080000)]
  0x000000001bdfd800 JavaThread "DiscoveryClient-InstanceInfoReplicator-0" daemon [_thread_blocked, id=12520, stack(0x0000000026e80000,0x0000000026f80000)]
  0x000000001bdfe000 JavaThread "DiscoveryClient-1" daemon [_thread_blocked, id=11064, stack(0x0000000026d80000,0x0000000026e80000)]
  0x000000001bdf8000 JavaThread "DiscoveryClient-0" daemon [_thread_blocked, id=6168, stack(0x0000000026a60000,0x0000000026b60000)]
  0x000000001bdf9800 JavaThread "AsyncResolver-bootstrap-0" daemon [_thread_blocked, id=4848, stack(0x0000000026660000,0x0000000026760000)]
  0x000000001bdfc800 JavaThread "Eureka-JerseyClient-Conn-Cleaner2" daemon [_thread_blocked, id=17636, stack(0x0000000026560000,0x0000000026660000)]
  0x000000001bdfc000 JavaThread "SimpleHostRoutingFilter.connectionManagerTimer" daemon [_thread_blocked, id=5716, stack(0x0000000024cd0000,0x0000000024dd0000)]
  0x000000001a5b1800 JavaThread "container-0" [_thread_blocked, id=6880, stack(0x0000000024bd0000,0x0000000024cd0000)]
  0x000000001dc46800 JavaThread "ContainerBackgroundProcessor[StandardEngine[Tomcat]]" daemon [_thread_blocked, id=1180, stack(0x0000000024ad0000,0x0000000024bd0000)]
  0x000000001c120800 JavaThread "RxIoScheduler-1 (Evictor)" daemon [_thread_blocked, id=292, stack(0x00000000249d0000,0x0000000024ad0000)]
  0x000000002285d800 JavaThread "SimplePauseDetectorThread_0" daemon [_thread_blocked, id=7108, stack(0x0000000023900000,0x0000000023a00000)]
  0x000000001dcf2800 JavaThread "Thread-5" daemon [_thread_blocked, id=12568, stack(0x0000000023340000,0x0000000023440000)]
  0x000000001a3a3000 JavaThread "spring.cloud.inetutils" daemon [_thread_blocked, id=8772, stack(0x0000000022000000,0x0000000022100000)]
  0x0000000018ce3000 JavaThread "Service Thread" daemon [_thread_blocked, id=17524, stack(0x0000000019820000,0x0000000019920000)]
  0x00000000178ba800 JavaThread "C1 CompilerThread2" daemon [_thread_blocked, id=14368, stack(0x0000000019720000,0x0000000019820000)]
  0x00000000178b2800 JavaThread "C2 CompilerThread1" daemon [_thread_in_native, id=9888, stack(0x0000000019620000,0x0000000019720000)]
=>0x00000000178b5800 JavaThread "C2 CompilerThread0" daemon [_thread_in_native, id=1108, stack(0x0000000019520000,0x0000000019620000)]
  0x00000000178a6800 JavaThread "JDWP Command Reader" daemon [_thread_in_native, id=104, stack(0x0000000019420000,0x0000000019520000)]
  0x00000000178a3000 JavaThread "JDWP Event Helper Thread" daemon [_thread_blocked, id=17568, stack(0x0000000019320000,0x0000000019420000)]
  0x0000000017897000 JavaThread "JDWP Transport Listener: dt_socket" daemon [_thread_blocked, id=10688, stack(0x0000000019220000,0x0000000019320000)]
  0x000000001788c800 JavaThread "Attach Listener" daemon [_thread_blocked, id=688, stack(0x0000000019120000,0x0000000019220000)]
  0x0000000018c63800 JavaThread "Signal Dispatcher" daemon [_thread_blocked, id=13580, stack(0x0000000019020000,0x0000000019120000)]
  0x000000001784f800 JavaThread "Finalizer" daemon [_thread_blocked, id=18232, stack(0x0000000018ac0000,0x0000000018bc0000)]
  0x0000000002d29000 JavaThread "Reference Handler" daemon [_thread_blocked, id=14832, stack(0x00000000189c0000,0x0000000018ac0000)]

Other Threads:
  0x0000000017827000 VMThread [stack: 0x00000000188c0000,0x00000000189c0000] [id=11572]
  0x0000000018d21000 WatcherThread [stack: 0x0000000019920000,0x0000000019a20000] [id=2100]

VM state:not at safepoint (normal execution)

VM Mutex/Monitor currently owned by a thread: None

Heap:
 PSYoungGen      total 261632K, used 129393K [0x00000000d5f00000, 0x00000000e7900000, 0x0000000100000000)
  eden space 242688K, 53% used [0x00000000d5f00000,0x00000000ddd5c498,0x00000000e4c00000)
  from space 18944K, 0% used [0x00000000e6400000,0x00000000e6400000,0x00000000e7680000)
  to   space 23040K, 0% used [0x00000000e4c00000,0x00000000e4c00000,0x00000000e6280000)
 ParOldGen       total 144896K, used 37532K [0x0000000081c00000, 0x000000008a980000, 0x00000000d5f00000)
  object space 144896K, 25% used [0x0000000081c00000,0x00000000840a7380,0x000000008a980000)
 Metaspace       used 60595K, capacity 63056K, committed 63232K, reserved 1103872K
  class space    used 7901K, capacity 8346K, committed 8448K, reserved 1048576K

Card table byte_map: [0x00000000120f0000,0x00000000124f0000] byte_map_base: 0x0000000011ce2000

Marking Bits: (ParMarkBitMap*) 0x000000005aedf860
 Begin Bits: [0x0000000012ba0000, 0x0000000014b30000)
 End Bits:   [0x0000000014b30000, 0x0000000016ac0000)

Polling page: 0x0000000000b30000

CodeCache: size=245760Kb used=24370Kb max_used=24371Kb free=221389Kb
 bounds [0x0000000002d30000, 0x0000000004520000, 0x0000000011d30000]
 total_blobs=6771 nmethods=6239 adapters=451
 compilation: enabled

Compilation events (10 events):
Event: 1324.282 Thread 0x00000000178ba800 7552       3       org.springframework.cloud.netflix.zuul.filters.route.SimpleHostRoutingFilter$1::run (24 bytes)
Event: 1324.283 Thread 0x00000000178ba800 nmethod 7552 0x0000000004516090 code [0x0000000004516240, 0x0000000004516898]
Event: 1341.558 Thread 0x00000000178ba800 7553       3       org.springframework.aop.framework.AdvisedSupport::getInterceptorsAndDynamicInterceptionAdvice (59 bytes)
Event: 1341.558 Thread 0x00000000178ba800 nmethod 7553 0x0000000004514d90 code [0x0000000004514f80, 0x0000000004515af8]
Event: 1341.558 Thread 0x00000000178ba800 7554       3       org.springframework.aop.framework.AdvisedSupport$MethodCacheKey::<init> (18 bytes)
Event: 1341.559 Thread 0x00000000178ba800 nmethod 7554 0x0000000004514250 code [0x0000000004514400, 0x0000000004514ae8]
Event: 1341.739 Thread 0x00000000178ba800 7555       3       com.fasterxml.jackson.core.sym.ByteQuadsCanonicalizer::calcHash (115 bytes)
Event: 1341.740 Thread 0x00000000178ba800 nmethod 7555 0x0000000004513a50 code [0x0000000004513be0, 0x0000000004513fc8]
Event: 1343.137 Thread 0x00000000178b5800 7556       4       rx.internal.operators.OnSubscribeLift::call (9 bytes)
Event: 1343.137 Thread 0x00000000178b2800 7557   !   4       rx.internal.operators.OnSubscribeLift::call (58 bytes)

GC Heap History (10 events):
Event: 12.166 GC heap before
{Heap before GC invocations=11 (full 2):
 PSYoungGen      total 178688K, used 165376K [0x00000000d5f00000, 0x00000000e4500000, 0x0000000100000000)
  eden space 165376K, 100% used [0x00000000d5f00000,0x00000000e0080000,0x00000000e0080000)
  from space 13312K, 0% used [0x00000000e1080000,0x00000000e1080000,0x00000000e1d80000)
  to   space 16384K, 0% used [0x00000000e0080000,0x00000000e0080000,0x00000000e1080000)
 ParOldGen       total 98816K, used 20772K [0x0000000081c00000, 0x0000000087c80000, 0x00000000d5f00000)
  object space 98816K, 21% used [0x0000000081c00000,0x0000000083049398,0x0000000087c80000)
 Metaspace       used 40685K, capacity 42222K, committed 42368K, reserved 1085440K
  class space    used 5145K, capacity 5425K, committed 5504K, reserved 1048576K
Event: 12.180 GC heap after
Heap after GC invocations=11 (full 2):
 PSYoungGen      total 181760K, used 9961K [0x00000000d5f00000, 0x00000000e4880000, 0x0000000100000000)
  eden space 165376K, 0% used [0x00000000d5f00000,0x00000000d5f00000,0x00000000e0080000)
  from space 16384K, 60% used [0x00000000e0080000,0x00000000e0a3a4f0,0x00000000e1080000)
  to   space 15872K, 0% used [0x00000000e3900000,0x00000000e3900000,0x00000000e4880000)
 ParOldGen       total 98816K, used 20780K [0x0000000081c00000, 0x0000000087c80000, 0x00000000d5f00000)
  object space 98816K, 21% used [0x0000000081c00000,0x000000008304b398,0x0000000087c80000)
 Metaspace       used 40685K, capacity 42222K, committed 42368K, reserved 1085440K
  class space    used 5145K, capacity 5425K, committed 5504K, reserved 1048576K
}
Event: 14.301 GC heap before
{Heap before GC invocations=12 (full 2):
 PSYoungGen      total 181760K, used 175337K [0x00000000d5f00000, 0x00000000e4880000, 0x0000000100000000)
  eden space 165376K, 100% used [0x00000000d5f00000,0x00000000e0080000,0x00000000e0080000)
  from space 16384K, 60% used [0x00000000e0080000,0x00000000e0a3a4f0,0x00000000e1080000)
  to   space 15872K, 0% used [0x00000000e3900000,0x00000000e3900000,0x00000000e4880000)
 ParOldGen       total 98816K, used 20780K [0x0000000081c00000, 0x0000000087c80000, 0x00000000d5f00000)
  object space 98816K, 21% used [0x0000000081c00000,0x000000008304b398,0x0000000087c80000)
 Metaspace       used 43252K, capacity 44994K, committed 45312K, reserved 1089536K
  class space    used 5499K, capacity 5843K, committed 5888K, reserved 1048576K
Event: 14.314 GC heap after
Heap after GC invocations=12 (full 2):
 PSYoungGen      total 218112K, used 10927K [0x00000000d5f00000, 0x00000000e4680000, 0x0000000100000000)
  eden space 204288K, 0% used [0x00000000d5f00000,0x00000000d5f00000,0x00000000e2680000)
  from space 13824K, 79% used [0x00000000e3900000,0x00000000e43abd78,0x00000000e4680000)
  to   space 16384K, 0% used [0x00000000e2680000,0x00000000e2680000,0x00000000e3680000)
 ParOldGen       total 98816K, used 20788K [0x0000000081c00000, 0x0000000087c80000, 0x00000000d5f00000)
  object space 98816K, 21% used [0x0000000081c00000,0x000000008304d398,0x0000000087c80000)
 Metaspace       used 43252K, capacity 44994K, committed 45312K, reserved 1089536K
  class space    used 5499K, capacity 5843K, committed 5888K, reserved 1048576K
}
Event: 18.553 GC heap before
{Heap before GC invocations=13 (full 2):
 PSYoungGen      total 218112K, used 215215K [0x00000000d5f00000, 0x00000000e4680000, 0x0000000100000000)
  eden space 204288K, 100% used [0x00000000d5f00000,0x00000000e2680000,0x00000000e2680000)
  from space 13824K, 79% used [0x00000000e3900000,0x00000000e43abd78,0x00000000e4680000)
  to   space 16384K, 0% used [0x00000000e2680000,0x00000000e2680000,0x00000000e3680000)
 ParOldGen       total 98816K, used 20788K [0x0000000081c00000, 0x0000000087c80000, 0x00000000d5f00000)
  object space 98816K, 21% used [0x0000000081c00000,0x000000008304d398,0x0000000087c80000)
 Metaspace       used 46845K, capacity 48912K, committed 49152K, reserved 1091584K
  class space    used 5992K, capacity 6368K, committed 6400K, reserved 1048576K
Event: 18.573 GC heap after
Heap after GC invocations=13 (full 2):
 PSYoungGen      total 220672K, used 16380K [0x00000000d5f00000, 0x00000000e7680000, 0x0000000100000000)
  eden space 204288K, 0% used [0x00000000d5f00000,0x00000000d5f00000,0x00000000e2680000)
  from space 16384K, 99% used [0x00000000e2680000,0x00000000e367f1b8,0x00000000e3680000)
  to   space 18944K, 0% used [0x00000000e6400000,0x00000000e6400000,0x00000000e7680000)
 ParOldGen       total 98816K, used 22763K [0x0000000081c00000, 0x0000000087c80000, 0x00000000d5f00000)
  object space 98816K, 23% used [0x0000000081c00000,0x000000008323af60,0x0000000087c80000)
 Metaspace       used 46845K, capacity 48912K, committed 49152K, reserved 1091584K
  class space    used 5992K, capacity 6368K, committed 6400K, reserved 1048576K
}
Event: 32.807 GC heap before
{Heap before GC invocations=14 (full 2):
 PSYoungGen      total 220672K, used 218356K [0x00000000d5f00000, 0x00000000e7680000, 0x0000000100000000)
  eden space 204288K, 98% used [0x00000000d5f00000,0x00000000e243df10,0x00000000e2680000)
  from space 16384K, 99% used [0x00000000e2680000,0x00000000e367f1b8,0x00000000e3680000)
  to   space 18944K, 0% used [0x00000000e6400000,0x00000000e6400000,0x00000000e7680000)
 ParOldGen       total 98816K, used 22763K [0x0000000081c00000, 0x0000000087c80000, 0x00000000d5f00000)
  object space 98816K, 23% used [0x0000000081c00000,0x000000008323af60,0x0000000087c80000)
 Metaspace       used 56617K, capacity 58892K, committed 59008K, reserved 1099776K
  class space    used 7348K, capacity 7748K, committed 7808K, reserved 1048576K
Event: 32.843 GC heap after
Heap after GC invocations=14 (full 2):
 PSYoungGen      total 261632K, used 18914K [0x00000000d5f00000, 0x00000000e7900000, 0x0000000100000000)
  eden space 242688K, 0% used [0x00000000d5f00000,0x00000000d5f00000,0x00000000e4c00000)
  from space 18944K, 99% used [0x00000000e6400000,0x00000000e76788b8,0x00000000e7680000)
  to   space 23040K, 0% used [0x00000000e4c00000,0x00000000e4c00000,0x00000000e6280000)
 ParOldGen       total 98816K, used 26648K [0x0000000081c00000, 0x0000000087c80000, 0x00000000d5f00000)
  object space 98816K, 26% used [0x0000000081c00000,0x00000000836063a8,0x0000000087c80000)
 Metaspace       used 56617K, capacity 58892K, committed 59008K, reserved 1099776K
  class space    used 7348K, capacity 7748K, committed 7808K, reserved 1048576K
}
Event: 32.843 GC heap before
{Heap before GC invocations=15 (full 3):
 PSYoungGen      total 261632K, used 18914K [0x00000000d5f00000, 0x00000000e7900000, 0x0000000100000000)
  eden space 242688K, 0% used [0x00000000d5f00000,0x00000000d5f00000,0x00000000e4c00000)
  from space 18944K, 99% used [0x00000000e6400000,0x00000000e76788b8,0x00000000e7680000)
  to   space 23040K, 0% used [0x00000000e4c00000,0x00000000e4c00000,0x00000000e6280000)
 ParOldGen       total 98816K, used 26648K [0x0000000081c00000, 0x0000000087c80000, 0x00000000d5f00000)
  object space 98816K, 26% used [0x0000000081c00000,0x00000000836063a8,0x0000000087c80000)
 Metaspace       used 56617K, capacity 58892K, committed 59008K, reserved 1099776K
  class space    used 7348K, capacity 7748K, committed 7808K, reserved 1048576K
Event: 33.004 GC heap after
Heap after GC invocations=15 (full 3):
 PSYoungGen      total 261632K, used 0K [0x00000000d5f00000, 0x00000000e7900000, 0x0000000100000000)
  eden space 242688K, 0% used [0x00000000d5f00000,0x00000000d5f00000,0x00000000e4c00000)
  from space 18944K, 0% used [0x00000000e6400000,0x00000000e6400000,0x00000000e7680000)
  to   space 23040K, 0% used [0x00000000e4c00000,0x00000000e4c00000,0x00000000e6280000)
 ParOldGen       total 144896K, used 37532K [0x0000000081c00000, 0x000000008a980000, 0x00000000d5f00000)
  object space 144896K, 25% used [0x0000000081c00000,0x00000000840a7380,0x000000008a980000)
 Metaspace       used 56617K, capacity 58892K, committed 59008K, reserved 1099776K
  class space    used 7348K, capacity 7748K, committed 7808K, reserved 1048576K
}

Deoptimization events (10 events):
Event: 33.550 Thread 0x000000001bdfa800 Uncommon trap: reason=class_check action=maybe_recompile pc=0x00000000041a9d64 method=org.springframework.cglib.core.CodeEmitter.process_switch([ILorg/springframework/cglib/core/ProcessSwitchCallback;Z)V @ 246
Event: 33.863 Thread 0x000000001bdfa800 Uncommon trap: reason=unstable_if action=reinterpret pc=0x000000000386f078 method=java.util.HashMap.putVal(ILjava/lang/Object;Ljava/lang/Object;ZZ)Ljava/lang/Object; @ 162
Event: 33.864 Thread 0x000000001bdfa800 Uncommon trap: reason=unstable_if action=reinterpret pc=0x00000000032c5ec8 method=java.util.HashMap.resize()[Ljava/util/HashMap$Node; @ 206
Event: 34.128 Thread 0x000000001bdfa800 Uncommon trap: reason=unstable_if action=reinterpret pc=0x00000000043cd700 method=java.util.regex.Pattern$7.isSatisfiedBy(I)Z @ 19
Event: 34.128 Thread 0x000000001bdfa800 Uncommon trap: reason=unstable_if action=reinterpret pc=0x00000000043cd918 method=java.util.regex.Pattern$7.isSatisfiedBy(I)Z @ 19
Event: 34.128 Thread 0x000000001bdfa800 Uncommon trap: reason=unstable_if action=reinterpret pc=0x00000000043cd918 method=java.util.regex.Pattern$7.isSatisfiedBy(I)Z @ 19
Event: 34.141 Thread 0x000000001bdfa800 Uncommon trap: reason=null_check action=make_not_entrant pc=0x00000000036e4524 method=java.beans.PropertyDescriptor.findPropertyType(Ljava/lang/reflect/Method;Ljava/lang/reflect/Method;)Ljava/lang/Class; @ 157
Event: 34.917 Thread 0x000000001bdfb000 Uncommon trap: reason=unstable_if action=reinterpret pc=0x000000000380bb14 method=java.lang.StringCoding.safeTrim([CILjava/nio/charset/Charset;Z)[C @ 3
Event: 34.962 Thread 0x000000001b148000 Uncommon trap: reason=unstable_if action=reinterpret pc=0x0000000003c3d740 method=java.util.HashMap.computeIfAbsent(Ljava/lang/Object;Ljava/util/function/Function;)Ljava/lang/Object; @ 145
Event: 35.365 Thread 0x000000001b141000 Uncommon trap: reason=unstable_if action=reinterpret pc=0x000000000381ecd4 method=java.lang.StringCoding.safeTrim([CILjava/nio/charset/Charset;Z)[C @ 3

Classes redefined (0 events):
No events

Internal exceptions (10 events):
Event: 1221.714 Thread 0x000000001c449800 Exception <a 'java/net/SocketTimeoutException': Read timed out> (0x00000000ddb77ed8) thrown at [C:\re\workspace\8-2-build-windows-amd64-cygwin\jdk8u161\10277\hotspot\src\share\vm\prims\jni.cpp, line 735]
Event: 1221.730 Thread 0x000000001c446800 Exception <a 'java/net/SocketTimeoutException': Read timed out> (0x00000000dd9190d8) thrown at [C:\re\workspace\8-2-build-windows-amd64-cygwin\jdk8u161\10277\hotspot\src\share\vm\prims\jni.cpp, line 735]
Event: 1251.721 Thread 0x000000001c449800 Exception <a 'java/net/SocketTimeoutException': Read timed out> (0x00000000ddb83638) thrown at [C:\re\workspace\8-2-build-windows-amd64-cygwin\jdk8u161\10277\hotspot\src\share\vm\prims\jni.cpp, line 735]
Event: 1251.738 Thread 0x000000001c446800 Exception <a 'java/net/SocketTimeoutException': Read timed out> (0x00000000dd923288) thrown at [C:\re\workspace\8-2-build-windows-amd64-cygwin\jdk8u161\10277\hotspot\src\share\vm\prims\jni.cpp, line 735]
Event: 1281.726 Thread 0x000000001c449800 Exception <a 'java/net/SocketTimeoutException': Read timed out> (0x00000000ddb8ed80) thrown at [C:\re\workspace\8-2-build-windows-amd64-cygwin\jdk8u161\10277\hotspot\src\share\vm\prims\jni.cpp, line 735]
Event: 1281.743 Thread 0x000000001c446800 Exception <a 'java/net/SocketTimeoutException': Read timed out> (0x00000000dd92d438) thrown at [C:\re\workspace\8-2-build-windows-amd64-cygwin\jdk8u161\10277\hotspot\src\share\vm\prims\jni.cpp, line 735]
Event: 1311.731 Thread 0x000000001c449800 Exception <a 'java/net/SocketTimeoutException': Read timed out> (0x00000000ddb9a560) thrown at [C:\re\workspace\8-2-build-windows-amd64-cygwin\jdk8u161\10277\hotspot\src\share\vm\prims\jni.cpp, line 735]
Event: 1311.750 Thread 0x000000001c446800 Exception <a 'java/net/SocketTimeoutException': Read timed out> (0x00000000dd9375e8) thrown at [C:\re\workspace\8-2-build-windows-amd64-cygwin\jdk8u161\10277\hotspot\src\share\vm\prims\jni.cpp, line 735]
Event: 1341.736 Thread 0x000000001c449800 Exception <a 'java/net/SocketTimeoutException': Read timed out> (0x00000000ddba5ca8) thrown at [C:\re\workspace\8-2-build-windows-amd64-cygwin\jdk8u161\10277\hotspot\src\share\vm\prims\jni.cpp, line 735]
Event: 1341.755 Thread 0x000000001c446800 Exception <a 'java/net/SocketTimeoutException': Read timed out> (0x00000000dd941798) thrown at [C:\re\workspace\8-2-build-windows-amd64-cygwin\jdk8u161\10277\hotspot\src\share\vm\prims\jni.cpp, line 735]

Events (10 events):
Event: 1085.172 Thread 0x00000000178ba800 flushing nmethod 0x0000000002fb5f10
Event: 1099.642 Thread 0x00000000178b5800 flushing nmethod 0x0000000003061890
Event: 1101.547 Thread 0x00000000178ba800 flushing nmethod 0x000000000310bbd0
Event: 1101.547 Thread 0x00000000178ba800 flushing nmethod 0x00000000031a46d0
Event: 1101.548 Thread 0x00000000178ba800 flushing nmethod 0x0000000003248cd0
Event: 1101.549 Thread 0x00000000178ba800 flushing nmethod 0x0000000003429810
Event: 1101.694 Thread 0x00000000178ba800 flushing nmethod 0x000000000381cd10
Event: 1101.706 Thread 0x00000000178ba800 flushing nmethod 0x0000000003cca050
Event: 1115.176 Thread 0x00000000178b5800 flushing nmethod 0x0000000004290b90
Event: 1124.020 Thread 0x00000000178ba800 flushing nmethod 0x0000000004474b90


Dynamic libraries:
0x00007ff6feda0000 - 0x00007ff6fedd7000 	D:\InstallSoft\jdk1.8\bin\java.exe
0x00007ffc27ed0000 - 0x00007ffc280b1000 	C:\WINDOWS\SYSTEM32\ntdll.dll
0x00007ffc265a0000 - 0x00007ffc26652000 	C:\WINDOWS\System32\KERNEL32.DLL
0x00007ffc24e90000 - 0x00007ffc25103000 	C:\WINDOWS\System32\KERNELBASE.dll
0x00007ffc263d0000 - 0x00007ffc26471000 	C:\WINDOWS\System32\ADVAPI32.dll
0x00007ffc26660000 - 0x00007ffc266fe000 	C:\WINDOWS\System32\msvcrt.dll
0x00007ffc26480000 - 0x00007ffc264db000 	C:\WINDOWS\System32\sechost.dll
0x00007ffc25dd0000 - 0x00007ffc25ef4000 	C:\WINDOWS\System32\RPCRT4.dll
0x00007ffc25a00000 - 0x00007ffc25b90000 	C:\WINDOWS\System32\USER32.dll
0x00007ffc24700000 - 0x00007ffc24720000 	C:\WINDOWS\System32\win32u.dll
0x00007ffc264e0000 - 0x00007ffc26508000 	C:\WINDOWS\System32\GDI32.dll
0x00007ffc251c0000 - 0x00007ffc25352000 	C:\WINDOWS\System32\gdi32full.dll
0x00007ffc24610000 - 0x00007ffc246af000 	C:\WINDOWS\System32\msvcp_win.dll
0x00007ffc24490000 - 0x00007ffc2458a000 	C:\WINDOWS\System32\ucrtbase.dll
0x00007ffc19a40000 - 0x00007ffc19ca9000 	C:\WINDOWS\WinSxS\amd64_microsoft.windows.common-controls_6595b64144ccf1df_6.0.17134.112_none_fb3f961b30681c12\COMCTL32.dll
0x00007ffc26710000 - 0x00007ffc26a33000 	C:\WINDOWS\System32\combase.dll
0x00007ffc24590000 - 0x00007ffc2460a000 	C:\WINDOWS\System32\bcryptPrimitives.dll
0x00007ffc26510000 - 0x00007ffc2653d000 	C:\WINDOWS\System32\IMM32.DLL
0x000000005a140000 - 0x000000005a212000 	D:\InstallSoft\jdk1.8\jre\bin\msvcr100.dll
0x000000005a6c0000 - 0x000000005af5f000 	D:\InstallSoft\jdk1.8\jre\bin\server\jvm.dll
0x00007ffc25b90000 - 0x00007ffc25b98000 	C:\WINDOWS\System32\PSAPI.DLL
0x00007ffc118b0000 - 0x00007ffc118b9000 	C:\WINDOWS\SYSTEM32\WSOCK32.dll
0x00007ffc26300000 - 0x00007ffc2636c000 	C:\WINDOWS\System32\WS2_32.dll
0x00007ffc1ce00000 - 0x00007ffc1ce0a000 	C:\WINDOWS\SYSTEM32\VERSION.dll
0x00007ffc183a0000 - 0x00007ffc183c3000 	C:\WINDOWS\SYSTEM32\WINMM.dll
0x00007ffc18370000 - 0x00007ffc1839a000 	C:\WINDOWS\SYSTEM32\WINMMBASE.dll
0x00007ffc246b0000 - 0x00007ffc246f9000 	C:\WINDOWS\System32\cfgmgr32.dll
0x000000005a5d0000 - 0x000000005a5df000 	D:\InstallSoft\jdk1.8\jre\bin\verify.dll
0x000000005a5a0000 - 0x000000005a5c9000 	D:\InstallSoft\jdk1.8\jre\bin\java.dll
0x0000000058b70000 - 0x0000000058ba5000 	D:\InstallSoft\jdk1.8\jre\bin\jdwp.dll
0x0000000058b60000 - 0x0000000058b68000 	D:\InstallSoft\jdk1.8\jre\bin\npt.dll
0x000000005a580000 - 0x000000005a596000 	D:\InstallSoft\jdk1.8\jre\bin\zip.dll
0x00007ffc26a60000 - 0x00007ffc27ea0000 	C:\WINDOWS\System32\SHELL32.dll
0x00007ffc25500000 - 0x00007ffc255a9000 	C:\WINDOWS\System32\shcore.dll
0x00007ffc24780000 - 0x00007ffc24e8d000 	C:\WINDOWS\System32\windows.storage.dll
0x00007ffc26540000 - 0x00007ffc26591000 	C:\WINDOWS\System32\shlwapi.dll
0x00007ffc24280000 - 0x00007ffc24291000 	C:\WINDOWS\System32\kernel.appcore.dll
0x00007ffc24260000 - 0x00007ffc2427f000 	C:\WINDOWS\System32\profapi.dll
0x00007ffc24210000 - 0x00007ffc2425c000 	C:\WINDOWS\System32\powrprof.dll
0x00007ffc24200000 - 0x00007ffc2420a000 	C:\WINDOWS\System32\FLTLIB.DLL
0x0000000058b50000 - 0x0000000058b59000 	D:\InstallSoft\jdk1.8\jre\bin\dt_socket.dll
0x00007ffc23a00000 - 0x00007ffc23a66000 	C:\WINDOWS\system32\mswsock.dll
0x000000005a370000 - 0x000000005a38a000 	D:\InstallSoft\jdk1.8\jre\bin\net.dll
0x00007ffc23780000 - 0x00007ffc237b8000 	C:\WINDOWS\SYSTEM32\IPHLPAPI.DLL
0x00007ffc254f0000 - 0x00007ffc254f8000 	C:\WINDOWS\System32\NSI.dll
0x00007ffc1fce0000 - 0x00007ffc1fcf6000 	C:\WINDOWS\SYSTEM32\dhcpcsvc6.DLL
0x00007ffc1fcb0000 - 0x00007ffc1fcca000 	C:\WINDOWS\SYSTEM32\dhcpcsvc.DLL
0x00007ffc237c0000 - 0x00007ffc2387e000 	C:\WINDOWS\SYSTEM32\DNSAPI.dll
0x00007ffc1e1e0000 - 0x00007ffc1e1ea000 	C:\Windows\System32\rasadhlp.dll
0x00007ffc1e820000 - 0x00007ffc1e892000 	C:\WINDOWS\System32\fwpuclnt.dll
0x00007ffc23ce0000 - 0x00007ffc23d05000 	C:\WINDOWS\SYSTEM32\bcrypt.dll
0x000000005a340000 - 0x000000005a34d000 	D:\InstallSoft\jdk1.8\jre\bin\management.dll
0x00007ffc1a270000 - 0x00007ffc1a286000 	C:\WINDOWS\system32\napinsp.dll
0x00007ffc1a0c0000 - 0x00007ffc1a0da000 	C:\WINDOWS\system32\pnrpnsp.dll
0x00007ffc20570000 - 0x00007ffc20589000 	C:\WINDOWS\system32\NLAapi.dll
0x00007ffc1b410000 - 0x00007ffc1b41e000 	C:\WINDOWS\System32\winrnr.dll
0x000000005a350000 - 0x000000005a361000 	D:\InstallSoft\jdk1.8\jre\bin\nio.dll
0x00007ffc23bb0000 - 0x00007ffc23bc7000 	C:\WINDOWS\SYSTEM32\CRYPTSP.dll
0x00007ffc235e0000 - 0x00007ffc23613000 	C:\WINDOWS\system32\rsaenh.dll
0x00007ffc24110000 - 0x00007ffc24138000 	C:\WINDOWS\SYSTEM32\USERENV.dll
0x00007ffc23bd0000 - 0x00007ffc23bdb000 	C:\WINDOWS\SYSTEM32\CRYPTBASE.dll
0x000000005a310000 - 0x000000005a334000 	D:\InstallSoft\jdk1.8\jre\bin\sunec.dll

VM Arguments:
jvm_args: -agentlib:jdwp=transport=dt_socket,address=127.0.0.1:59791,suspend=y,server=n -Dfile.encoding=UTF-8 
java_command: com.example.demo.ZuulApplication
java_class_path (initial): D:\InstallSoft\jdk1.8\jre\lib\charsets.jar;D:\InstallSoft\jdk1.8\jre\lib\deploy.jar;D:\InstallSoft\jdk1.8\jre\lib\ext\access-bridge-64.jar;D:\InstallSoft\jdk1.8\jre\lib\ext\cldrdata.jar;D:\InstallSoft\jdk1.8\jre\lib\ext\dnsns.jar;D:\InstallSoft\jdk1.8\jre\lib\ext\jaccess.jar;D:\InstallSoft\jdk1.8\jre\lib\ext\jfxrt.jar;D:\InstallSoft\jdk1.8\jre\lib\ext\localedata.jar;D:\InstallSoft\jdk1.8\jre\lib\ext\nashorn.jar;D:\InstallSoft\jdk1.8\jre\lib\ext\sunec.jar;D:\InstallSoft\jdk1.8\jre\lib\ext\sunjce_provider.jar;D:\InstallSoft\jdk1.8\jre\lib\ext\sunmscapi.jar;D:\InstallSoft\jdk1.8\jre\lib\ext\sunpkcs11.jar;D:\InstallSoft\jdk1.8\jre\lib\ext\zipfs.jar;D:\InstallSoft\jdk1.8\jre\lib\javaws.jar;D:\InstallSoft\jdk1.8\jre\lib\jce.jar;D:\InstallSoft\jdk1.8\jre\lib\jfr.jar;D:\InstallSoft\jdk1.8\jre\lib\jfxswt.jar;D:\InstallSoft\jdk1.8\jre\lib\jsse.jar;D:\InstallSoft\jdk1.8\jre\lib\management-agent.jar;D:\InstallSoft\jdk1.8\jre\lib\plugin.jar;D:\InstallSoft\jdk1.8\jre\lib\resources.jar;D:\InstallSoft\jdk1.8\jre\lib\rt.jar;D:\StudySpace\CloudGitCode\cloud-service-zuul\target\classes;C:\Users\wuxiaopeng\.m2\repository\org\springframework\cloud\spring-cloud-config-server\2.0.0.RELEASE\spring-cloud-config-server-2.0.0.RELEASE.jar;C:\Users\wuxiaopeng\.m2\repository\org\springframework\cloud\spring-cloud-config-client\2.0.0.RELEASE\spring-cloud-config-client-2.0.0.RELEASE.jar;C:\Users\wuxiaopeng\.m2\repository\org\springframework\boot\spring-boot-autoconfigure\2.0.3.RELEASE\spring-boot-autoconfigure-2.0.3.RELEASE.jar;C:\Users\wuxiaopeng\.m2\repository\org\springframework\cloud\spring-cloud-commons\2.0.0.RELEASE\spring-cloud-commons-2.0.0.RELEASE.jar;C:\Users\wuxiaopeng\.m2\repository\org\springframework\cloud\spring-cloud-context\2.0.0.RELEASE\spring-cloud-context-2.0.0.RELEASE.jar;C:\Users\wuxiaopeng\.m2\repository\org\springframework\spring-web\5.0.7.RELEASE\spring-web-5.0.7.RELEASE.jar;C:\Users\wuxiaopeng\.m2\repository\org\springframework\spring-beans\5.
Launcher Type: SUN_STANDARD

Environment Variables:
CLASSPATH=.;%JAVA_HOME%\lib;%JAVA_HOME%\lib\tools.jar
PATH=C:\ProgramData\Oracle\Java\javapath;C:\WINDOWS\system32;C:\WINDOWS;C:\WINDOWS\System32\Wbem;C:\WINDOWS\System32\WindowsPowerShell\v1.0\;"%JAVA_HOME%\bin;%JAVA_HOME%\jre\bin;";D:\InstallSoft\Git\cmd;C:\Program Files\MySQL\MySQL Utilities 1.6\;D:\InstallSoft\apache-maven-3.5.3\bin;;C:\WINDOWS\System32\OpenSSH\;C:\Users\wuxiaopeng\AppData\Local\Microsoft\WindowsApps;
USERNAME=wuxiaopeng
OS=Windows_NT
PROCESSOR_IDENTIFIER=Intel64 Family 6 Model 158 Stepping 9, GenuineIntel



---------------  S Y S T E M  ---------------

OS: Windows 10.0 , 64 bit Build 17134 (10.0.17134.1)

CPU:total 4 (initial active 4) (4 cores per cpu, 1 threads per core) family 6 model 158 stepping 9, cmov, cx8, fxsr, mmx, sse, sse2, sse3, ssse3, sse4.1, sse4.2, popcnt, avx, avx2, aes, clmul, erms, rtm, 3dnowpref, lzcnt, tsc, tscinvbit, bmi1, bmi2, adx

Memory: 4k page, physical 8272568k(1091080k free), swap 16034660k(5268k free)

vm_info: Java HotSpot(TM) 64-Bit Server VM (25.161-b12) for windows-amd64 JRE (1.8.0_161-b12), built on Dec 19 2017 17:52:25 by "java_re" with MS VC++ 10.0 (VS2010)

time: Mon Jul 09 17:58:42 2018
elapsed time: 1343 seconds (0d 0h 22m 23s)

